aaaaaaaaaaaaaaaaaaaLeeLeeLyn
aaaaaaaaaaaaaaaaaabLyn
aaaaaaaaaaaaaaaaaacEveEveLynEveLeeEveEve
aaaaaaaaaaaaaaaaaadLyn
aaaaaaaaaaaaaaaaaaeLynLee
aaaaaaaaaaaaaaaaaafLyn
aaaaaaaaaaaaaaaaaagLeeLeeLyn
aaaaaaaaaaaaaaaaaahEveEveEveEveEve
aaaaaaaaaaaaaaaaaaiLeeLynLee
aaaaaaaaaaaaaaaaaajLyn
aaaaaaaaaaaaaaaaaakLynLeeLee
aaaaaaaaaaaaaaaaaalLyn
aaaaaaaaaaaaaaaaaamEveLeeEveEveLeeEveLynEve
aaaaaaaaaaaaaaaaaanLyn
aaaaaaaaaaaaaaaaaaoLeeLynLee
aaaaaaaaaaaaaaaaaapLyn
aaaaaaaaaaaaaaaaaaqLynLeeLee
aaaaaaaaaaaaaaaaaarEveEveLynEveEveEve
aaaaaaaaaaaaaaaaaasLeeLeeLyn
aaaaaaaaaaaaaaaaaatLyn
aaaaaaaaaaaaaaaaaauLeeLynLee
aaaaaaaaaaaaaaaaaavLyn
aaaaaaaaaaaaaaaaaawEveLynLeeEveEveLeeEveEve
aaaaaaaaaaaaaaaaaaxLyn
aaaaaaaaaaaaaaaaaayLeeLeeLyn
aaaaaaaaaaaaaaaaaazLyn
aaaaaaaaaaaaaaaaabaLeeLynLee
aaaaaaaaaaaaaaaaabbEveEveEveEveLynEve
aaaaaaaaaaaaaaaaabcLynLeeLee
aaaaaaaaaaaaaaaaabdLyn
aaaaaaaaaaaaaaaaabeLeeLeeLyn
aaaaaaaaaaaaaaaaabfLyn
aaaaaaaaaaaaaaaaabgEveLeeEveLynEveLeeEveEve
aaaaaaaaaaaaaaaaabhLyn
aaaaaaaaaaaaaaaaabiLynLeeLee
aaaaaaaaaaaaaaaaabjLyn
aaaaaaaaaaaaaaaaabkLeeLeeLyn
aaaaaaaaaaaaaaaaablEveLynEveEveEveEve
aaaaaaaaaaaaaaaaabmLeeLynLee
aaaaaaaaaaaaaaaaabnLyn
aaaaaaaaaaaaaaaaaboLynLeeLee
aaaaaaaaaaaaaaaaabpLyn
aaaaaaaaaaaaaaaaabqEveLeeEveEveLeeEveLynEve
aaaaaaaaaaaaaaaaabrLyn
aaaaaaaaaaaaaaaaabsLeeLynLee
aaaaaaaaaaaaaaaaabtLyn
aaaaaaaaaaaaaaaaabuLynLeeLee
aaaaaaaaaaaaaaaaabvEveEveLynEveEveEve
aaaaaaaaaaaaaaaaabwLeeLeeLyn
aaaaaaaaaaaaaaaaabxLyn
aaaaaaaaaaaaaaaaabyLeeLynLee
aaaaaaaaaaaaaaaaabzLyn
aaaaaaaaaaaaaaaaacaEveLynLeeEveEveLeeEveEve
aaaaaaaaaaaaaaaaacbLyn
aaaaaaaaaaaaaaaaaccLeeLeeLyn
aaaaaaaaaaaaaaaaacdLyn
aaaaaaaaaaaaaaaaaceLeeLynLee
aaaaaaaaaaaaaaaaacfEveEveEveEveLynEve
aaaaaaaaaaaaaaaaacgLynLeeLee
aaaaaaaaaaaaaaaaachLyn
aaaaaaaaaaaaaaaaaciLeeLeeLyn
aaaaaaaaaaaaaaaaacjLyn
aaaaaaaaaaaaaaaaackEveLeeEveLynEveLeeEveEve
aaaaaaaaaaaaaaaaaclLyn
aaaaaaaaaaaaaaaaacmLynLeeLee
aaaaaaaaaaaaaaaaacnLyn
aaaaaaaaaaaaaaaaacoLeeLeeLyn
aaaaaaaaaaaaaaaaacpEveLynEveEveEveEve
aaaaaaaaaaaaaaaaacqLeeLynLee
aaaaaaaaaaaaaaaaacrLyn
aaaaaaaaaaaaaaaaacsLynLeeLee
aaaaaaaaaaaaaaaaactLyn
aaaaaaaaaaaaaaaaacuEveLeeEveEveLeeEveLynEve
aaaaaaaaaaaaaaaaacvLyn
aaaaaaaaaaaaaaaaacwLeeLynLee
aaaaaaaaaaaaaaaaacxLyn
aaaaaaaaaaaaaaaaacyLynLeeLee
aaaaaaaaaaaaaaaaaczEveEveLynEveEveEve
aaaaaaaaaaaaaaaaadaLeeLeeLyn
aaaaaaaaaaaaaaaaadbLyn
aaaaaaaaaaaaaaaaadcLeeLynLee
aaaaaaaaaaaaaaaaaddLyn
aaaaaaaaaaaaaaaaadeEveLynLeeEveEveLeeEveEve
aaaaaaaaaaaaaaaaadfLyn
aaaaaaaaaaaaaaaaadgLeeLeeLyn
aaaaaaaaaaaaaaaaadhLyn
aaaaaaaaaaaaaaaaadiLeeLynLee
aaaaaaaaaaaaaaaaadjEveEveEveEveLynEve
aaaaaaaaaaaaaaaaadkLynLeeLee
aaaaaaaaaaaaaaaaadlLyn
aaaaaaaaaaaaaaaaadmLeeLeeLyn
aaaaaaaaaaaaaaaaadnLyn
aaaaaaaaaaaaaaaaadoEveLeeEveLynEveLeeEveEve
aaaaaaaaaaaaaaaaadpLyn
aaaaaaaaaaaaaaaaadqLynLeeLee
aaaaaaaaaaaaaaaaadrLyn
aaaaaaaaaaaaaaaaadsLeeLeeLyn
aaaaaaaaaaaaaaaaadtEveLynEveEveEveEve
aaaaaaaaaaaaaaaaaduLeeLynLee
aaaaaaaaaaaaaaaaadvLyn
aaaaaaaaaaaaaaaaadwLynLeeLee
aaaaaaaaaaaaaaaaadxLyn
aaaaaaaaaaaaaaaaadyEveLeeEveEveLeeEveLynEve
aaaaaaaaaaaaaaaaadzLyn
aaaaaaaaaaaaaaaaaeaLeeLynLee
aaaaaaaaaaaaaaaaaebLyn
aaaaaaaaaaaaaaaaaecLynLeeLee
aaaaaaaaaaaaaaaaaedEveEveLynEveEveEve
aaaaaaaaaaaaaaaaaeeLeeLeeLyn
aaaaaaaaaaaaaaaaaefLyn
aaaaaaaaaaaaaaaaaegLeeLynLee
aaaaaaaaaaaaaaaaaehLyn
aaaaaaaaaaaaaaaaaeiEveLynLeeEveEveLeeEveEve
aaaaaaaaaaaaaaaaaejLyn
aaaaaaaaaaaaaaaaaekLeeLeeLyn
aaaaaaaaaaaaaaaaaelLyn
aaaaaaaaaaaaaaaaaemLeeLynLee
aaaaaaaaaaaaaaaaaenEveEveEveEveLynEve
aaaaaaaaaaaaaaaaaeoLynLeeLee
aaaaaaaaaaaaaaaaaepLyn
aaaaaaaaaaaaaaaaaeqLeeLeeLyn
aaaaaaaaaaaaaaaaaerLyn
aaaaaaaaaaaaaaaaaesEveLeeEveLynEveLeeEveEve
aaaaaaaaaaaaaaaaaetLyn
aaaaaaaaaaaaaaaaaeuLynLeeLee
aaaaaaaaaaaaaaaaaevLyn
aaaaaaaaaaaaaaaaaewLeeLeeLyn
aaaaaaaaaaaaaaaaaexEveLynEveEveEveEve
aaaaaaaaaaaaaaaaaeyLeeLynLee
aaaaaaaaaaaaaaaaaezLyn
aaaaaaaaaaaaaaaaafaLynLeeLee
aaaaaaaaaaaaaaaaafbLyn
aaaaaaaaaaaaaaaaafcEveLeeEveEveLeeEveLynEve
aaaaaaaaaaaaaaaaafdLyn
aaaaaaaaaaaaaaaaafeLeeLynLee
aaaaaaaaaaaaaaaaaffLyn
aaaaaaaaaaaaaaaaafgLynLeeLee
aaaaaaaaaaaaaaaaafhEveEveLynEveEveEve
aaaaaaaaaaaaaaaaafiLeeLeeLyn
aaaaaaaaaaaaaaaaafjLyn
aaaaaaaaaaaaaaaaafkLeeLynLee
aaaaaaaaaaaaaaaaaflLyn
aaaaaaaaaaaaaaaaafmEveLynLeeEveEveLeeEveEve
aaaaaaaaaaaaaaaaafnLyn
aaaaaaaaaaaaaaaaafoLeeLeeLyn
aaaaaaaaaaaaaaaaafpLyn
aaaaaaaaaaaaaaaaafqLeeLynLee
aaaaaaaaaaaaaaaaafrEveEveEveEveLynEve
aaaaaaaaaaaaaaaaafsLynLeeLee
aaaaaaaaaaaaaaaaaftLyn
aaaaaaaaaaaaaaaaafuLeeLeeLyn
aaaaaaaaaaaaaaaaafvLyn
aaaaaaaaaaaaaaaaafwEveLeeEveLynEveLeeEveEve
aaaaaaaaaaaaaaaaafxLyn
aaaaaaaaaaaaaaaaafyLynLeeLee
aaaaaaaaaaaaaaaaafzLyn
aaaaaaaaaaaaaaaaagaLeeLeeLyn
aaaaaaaaaaaaaaaaagbEveLynEveEveEveEve
aaaaaaaaaaaaaaaaagcLeeLynLee
aaaaaaaaaaaaaaaaagdLyn
aaaaaaaaaaaaaaaaageLynLeeLee
aaaaaaaaaaaaaaaaagfLyn
aaaaaaaaaaaaaaaaaggEveLeeEveEveLeeEveLynEve
aaaaaaaaaaaaaaaaaghLyn
aaaaaaaaaaaaaaaaagiLeeLynLee
aaaaaaaaaaaaaaaaagjLyn
aaaaaaaaaaaaaaaaagkLynLeeLee
aaaaaaaaaaaaaaaaaglEveEveLynEveEveEve
aaaaaaaaaaaaaaaaagmLeeLeeLyn
aaaaaaaaaaaaaaaaagnLyn
aaaaaaaaaaaaaaaaagoLeeLynLee
aaaaaaaaaaaaaaaaagpLyn
aaaaaaaaaaaaaaaaagqEveLynLeeEveEveEveLeeEve
aaaaaaaaaaaaaaaaagrLyn
aaaaaaaaaaaaaaaaagsLeeLeeLyn
aaaaaaaaaaaaaaaaagtLyn
aaaaaaaaaaaaaaaaaguLeeLynLee
aaaaaaaaaaaaaaaaagvEveEveEveEveLynEve
aaaaaaaaaaaaaaaaagwLynLeeLee
aaaaaaaaaaaaaaaaagxLyn
aaaaaaaaaaaaaaaaagyLeeLeeLyn
aaaaaaaaaaaaaaaaagzLyn
aaaaaaaaaaaaaaaaahaEveLeeEveLynEveEveLeeEve
aaaaaaaaaaaaaaaaahbLyn
aaaaaaaaaaaaaaaaahcLynLeeLee
aaaaaaaaaaaaaaaaahdLyn
aaaaaaaaaaaaaaaaaheLeeLeeLyn
aaaaaaaaaaaaaaaaahfEveLynEveEveEveEve
aaaaaaaaaaaaaaaaahgLeeLynLee
aaaaaaaaaaaaaaaaahhLyn
aaaaaaaaaaaaaaaaahiLynLeeLee
aaaaaaaaaaaaaaaaahjLyn
aaaaaaaaaaaaaaaaahkEveLeeEveEveEveLeeLynEve
aaaaaaaaaaaaaaaaahlLyn
aaaaaaaaaaaaaaaaahmLeeLynLee
aaaaaaaaaaaaaaaaahnLyn
aaaaaaaaaaaaaaaaahoLynLeeLee
aaaaaaaaaaaaaaaaahpEveEveLynEveEveEve
aaaaaaaaaaaaaaaaahqLeeLeeLyn
aaaaaaaaaaaaaaaaahrLyn
aaaaaaaaaaaaaaaaahsLeeLynLee
aaaaaaaaaaaaaaaaahtLyn
aaaaaaaaaaaaaaaaahuEveLynLeeEveEveEveLeeEve
aaaaaaaaaaaaaaaaahvLyn
aaaaaaaaaaaaaaaaahwLeeLeeLyn
aaaaaaaaaaaaaaaaahxLyn
aaaaaaaaaaaaaaaaahyLeeLynLee
aaaaaaaaaaaaaaaaahzEveEveEveEveLynEve
aaaaaaaaaaaaaaaaaiaLynLeeLee
aaaaaaaaaaaaaaaaaibLyn
aaaaaaaaaaaaaaaaaicLeeLeeLyn
aaaaaaaaaaaaaaaaaidLyn
aaaaaaaaaaaaaaaaaieEveLeeEveLynEveEveLeeEve
aaaaaaaaaaaaaaaaaifLyn
aaaaaaaaaaaaaaaaaigLynLeeLee
aaaaaaaaaaaaaaaaaihLyn
aaaaaaaaaaaaaaaaaiiLeeLeeLyn
aaaaaaaaaaaaaaaaaijEveLynEveEveEveEve
aaaaaaaaaaaaaaaaaikLeeLynLee
aaaaaaaaaaaaaaaaailLyn
aaaaaaaaaaaaaaaaaimLynLeeLee
aaaaaaaaaaaaaaaaainLyn
aaaaaaaaaaaaaaaaaioEveLeeEveEveEveLeeLynEve
aaaaaaaaaaaaaaaaaipLyn
aaaaaaaaaaaaaaaaaiqLeeLynLee
aaaaaaaaaaaaaaaaairLyn
aaaaaaaaaaaaaaaaaisLynLeeLee
aaaaaaaaaaaaaaaaaitEveEveLynEveEveEve
aaaaaaaaaaaaaaaaaiuLeeLeeLyn
aaaaaaaaaaaaaaaaaivLyn
aaaaaaaaaaaaaaaaaiwLeeLynLee
aaaaaaaaaaaaaaaaaixLyn
aaaaaaaaaaaaaaaaaiyEveLynLeeEveEveEveLeeEve
aaaaaaaaaaaaaaaaaizLyn
aaaaaaaaaaaaaaaaajaLeeLeeLyn
aaaaaaaaaaaaaaaaajbLyn
aaaaaaaaaaaaaaaaajcLeeLynLee
aaaaaaaaaaaaaaaaajdEveEveEveEveLynEve
aaaaaaaaaaaaaaaaajeLynLeeLee
aaaaaaaaaaaaaaaaajfLyn
aaaaaaaaaaaaaaaaajgLeeLeeLyn
aaaaaaaaaaaaaaaaajhLyn
aaaaaaaaaaaaaaaaajiEveLeeEveLynEveEveLeeEve
aaaaaaaaaaaaaaaaajjLyn
aaaaaaaaaaaaaaaaajkLynLeeLee
aaaaaaaaaaaaaaaaajlLyn
aaaaaaaaaaaaaaaaajmLeeLeeLyn
aaaaaaaaaaaaaaaaajnEveLynEveEveEveEve
aaaaaaaaaaaaaaaaajoLeeLynLee
aaaaaaaaaaaaaaaaajpLyn
aaaaaaaaaaaaaaaaajqLynLeeLee
aaaaaaaaaaaaaaaaajrLyn
aaaaaaaaaaaaaaaaajsEveLeeEveEveEveLeeLynEve
aaaaaaaaaaaaaaaaajtLyn
aaaaaaaaaaaaaaaaajuLeeLynLee
aaaaaaaaaaaaaaaaajvLyn
aaaaaaaaaaaaaaaaajwLynLeeLee
aaaaaaaaaaaaaaaaajxEveEveEveEveEve
aaaaaaaaaaaaaaaaajyLeeLeeLyn
aaaaaaaaaaaaaaaaajzLyn
aaaaaaaaaaaaaaaaakaLeeLynLee
aaaaaaaaaaaaaaaaakbLyn
aaaaaaaaaaaaaaaaakcEveLynLeeEveEveEveLeeEve
aaaaaaaaaaaaaaaaakdLyn
aaaaaaaaaaaaaaaaakeLeeLeeLyn
aaaaaaaaaaaaaaaaakfLyn
aaaaaaaaaaaaaaaaakgLeeLynLee
aaaaaaaaaaaaaaaaakhEveEveEveEveLynEve
aaaaaaaaaaaaaaaaakiLynLeeLee
aaaaaaaaaaaaaaaaakjLyn
aaaaaaaaaaaaaaaaakkLeeLeeLyn
aaaaaaaaaaaaaaaaaklLyn
aaaaaaaaaaaaaaaaakmEveLeeEveEveLynEveLeeEve
aaaaaaaaaaaaaaaaaknLyn
aaaaaaaaaaaaaaaaakoLynLeeLee
aaaaaaaaaaaaaaaaakpLyn
aaaaaaaaaaaaaaaaakqLeeLeeLyn
aaaaaaaaaaaaaaaaakrEveLynEveEveEveEve
aaaaaaaaaaaaaaaaaksLeeLynLee
aaaaaaaaaaaaaaaaaktLyn
aaaaaaaaaaaaaaaaakuLynLeeLee
aaaaaaaaaaaaaaaaakvLyn
aaaaaaaaaaaaaaaaakwEveLeeEveEveEveLeeLynEve
aaaaaaaaaaaaaaaaakxLyn
aaaaaaaaaaaaaaaaakyLeeLynLee
aaaaaaaaaaaaaaaaakzLyn
aaaaaaaaaaaaaaaaalaLynLeeLee
aaaaaaaaaaaaaaaaalbEveEveEveLynEveEve
aaaaaaaaaaaaaaaaalcLeeLeeLyn
aaaaaaaaaaaaaaaaaldLyn
aaaaaaaaaaaaaaaaaleLeeLynLee
aaaaaaaaaaaaaaaaalfLyn
aaaaaaaaaaaaaaaaalgEveLynLeeEveEveEveLeeEve
aaaaaaaaaaaaaaaaalhLyn
aaaaaaaaaaaaaaaaaliLeeLeeLyn
aaaaaaaaaaaaaaaaaljLyn
aaaaaaaaaaaaaaaaalkLeeLynLee
aaaaaaaaaaaaaaaaallEveEveEveEveLynEve
aaaaaaaaaaaaaaaaalmLynLeeLee
aaaaaaaaaaaaaaaaalnLyn
aaaaaaaaaaaaaaaaaloLeeLeeLyn
aaaaaaaaaaaaaaaaalpLyn
aaaaaaaaaaaaaaaaalqEveLeeEveEveLynEveLeeEve
aaaaaaaaaaaaaaaaalrLyn
aaaaaaaaaaaaaaaaalsLynLeeLee
aaaaaaaaaaaaaaaaaltLyn
aaaaaaaaaaaaaaaaaluLeeLeeLyn
aaaaaaaaaaaaaaaaalvEveLynEveEveEveEve
aaaaaaaaaaaaaaaaalwLeeLynLee
aaaaaaaaaaaaaaaaalxLyn
aaaaaaaaaaaaaaaaalyLynLeeLee
aaaaaaaaaaaaaaaaalzLyn
aaaaaaaaaaaaaaaaamaEveLeeEveEveEveLeeLynEve
aaaaaaaaaaaaaaaaambLyn
aaaaaaaaaaaaaaaaamcLeeLynLee
aaaaaaaaaaaaaaaaamdLyn
aaaaaaaaaaaaaaaaameLynLeeLee
aaaaaaaaaaaaaaaaamfEveEveEveLynEveEve
aaaaaaaaaaaaaaaaamgLeeLeeLyn
aaaaaaaaaaaaaaaaamhLyn
aaaaaaaaaaaaaaaaamiLeeLynLee
aaaaaaaaaaaaaaaaamjLyn
aaaaaaaaaaaaaaaaamkEveLynLeeEveEveEveLeeEve
aaaaaaaaaaaaaaaaamlLyn
aaaaaaaaaaaaaaaaammLeeLeeLyn
aaaaaaaaaaaaaaaaamnLyn
aaaaaaaaaaaaaaaaamoLeeLynLee
aaaaaaaaaaaaaaaaampEveEveEveEveLynEve
aaaaaaaaaaaaaaaaamqLynLeeLee
aaaaaaaaaaaaaaaaamrLyn
aaaaaaaaaaaaaaaaamsLeeLeeLyn
aaaaaaaaaaaaaaaaamtLyn
aaaaaaaaaaaaaaaaamuEveLeeEveLynEveLeeEve
aaaaaaaaaaaaaaaaamvLyn
aaaaaaaaaaaaaaaaamwLynLeeLee
aaaaaaaaaaaaaaaaamxLyn
aaaaaaaaaaaaaaaaamyLeeLeeLyn
aaaaaaaaaaaaaaaaamzEveLynEveEveEveEve
aaaaaaaaaaaaaaaaanaLeeLynLee
aaaaaaaaaaaaaaaaanbLyn
aaaaaaaaaaaaaaaaancLynLeeLee
aaaaaaaaaaaaaaaaandLyn
aaaaaaaaaaaaaaaaaneEveEveLeeEveEveLeeLynEve
aaaaaaaaaaaaaaaaanfLyn
aaaaaaaaaaaaaaaaangLeeLynLee
aaaaaaaaaaaaaaaaanhLyn
aaaaaaaaaaaaaaaaaniLynLeeLee
aaaaaaaaaaaaaaaaanjEveEveEveLynEveEve
aaaaaaaaaaaaaaaaankLeeLeeLyn
aaaaaaaaaaaaaaaaanlLyn
aaaaaaaaaaaaaaaaanmLeeLynLee
aaaaaaaaaaaaaaaaannLyn
aaaaaaaaaaaaaaaaanoEveLynEveLeeEveEveLeeEve
aaaaaaaaaaaaaaaaanpLyn
aaaaaaaaaaaaaaaaanqLeeLeeLyn
aaaaaaaaaaaaaaaaanrLyn
aaaaaaaaaaaaaaaaansLeeLynLee
aaaaaaaaaaaaaaaaantEveEveEveEveLynEve
aaaaaaaaaaaaaaaaanuLynLeeLee
aaaaaaaaaaaaaaaaanvLyn
aaaaaaaaaaaaaaaaanwLeeLeeLyn
aaaaaaaaaaaaaaaaanxLyn
aaaaaaaaaaaaaaaaanyEveEveLeeEveLynEveLeeEve
aaaaaaaaaaaaaaaaanzLyn
aaaaaaaaaaaaaaaaaoaLynLeeLee
aaaaaaaaaaaaaaaaaobLyn
aaaaaaaaaaaaaaaaaocLeeLeeLyn
aaaaaaaaaaaaaaaaaodEveLynEveEveEveEve
aaaaaaaaaaaaaaaaaoeLeeLynLee
aaaaaaaaaaaaaaaaaofLyn
aaaaaaaaaaaaaaaaaogLynLeeLee
aaaaaaaaaaaaaaaaaohLyn
aaaaaaaaaaaaaaaaaoiEveEveLeeEveEveLeeLynEve
aaaaaaaaaaaaaaaaaojLyn
aaaaaaaaaaaaaaaaaokLeeLynLee
aaaaaaaaaaaaaaaaaolLyn
aaaaaaaaaaaaaaaaaomLynLeeLee
aaaaaaaaaaaaaaaaaonEveEveEveLynEveEve
aaaaaaaaaaaaaaaaaooLeeLeeLyn
aaaaaaaaaaaaaaaaaopLyn
aaaaaaaaaaaaaaaaaoqLeeLynLee
aaaaaaaaaaaaaaaaaorLyn
aaaaaaaaaaaaaaaaaosEveLynEveLeeEveEveLeeEve
aaaaaaaaaaaaaaaaaotLyn
aaaaaaaaaaaaaaaaaouLeeLeeLyn
aaaaaaaaaaaaaaaaaovLyn
aaaaaaaaaaaaaaaaaowLeeLynLee
aaaaaaaaaaaaaaaaaoxEveEveEveEveLynEve
aaaaaaaaaaaaaaaaaoyLynLeeLee
aaaaaaaaaaaaaaaaaozLyn
aaaaaaaaaaaaaaaaapaLeeLeeLyn
aaaaaaaaaaaaaaaaapbLyn
aaaaaaaaaaaaaaaaapcEveEveLeeEveLynEveLeeEve
aaaaaaaaaaaaaaaaapdLyn
aaaaaaaaaaaaaaaaapeLynLeeLee
aaaaaaaaaaaaaaaaapfLyn
aaaaaaaaaaaaaaaaapgLeeLeeLyn
aaaaaaaaaaaaaaaaaphEveLynEveEveEveEve
aaaaaaaaaaaaaaaaapiLeeLynLee
aaaaaaaaaaaaaaaaapjLyn
aaaaaaaaaaaaaaaaapkLynLeeLee
aaaaaaaaaaaaaaaaaplLyn
aaaaaaaaaaaaaaaaapmEveEveLeeEveEveLeeLynEve
aaaaaaaaaaaaaaaaapnLyn
aaaaaaaaaaaaaaaaapoLeeLynLee
aaaaaaaaaaaaaaaaappLyn
aaaaaaaaaaaaaaaaapqLynLeeLee
aaaaaaaaaaaaaaaaaprEveEveEveLynEveEve
aaaaaaaaaaaaaaaaapsLeeLeeLyn
aaaaaaaaaaaaaaaaaptLyn
aaaaaaaaaaaaaaaaapuLeeLynLee
aaaaaaaaaaaaaaaaapvLyn
aaaaaaaaaaaaaaaaapwEveLynEveLeeEveEveLeeEve
aaaaaaaaaaaaaaaaapxLyn
aaaaaaaaaaaaaaaaapyLeeLeeLyn
aaaaaaaaaaaaaaaaapzLyn
aaaaaaaaaaaaaaaaaqaLeeLynLee
aaaaaaaaaaaaaaaaaqbEveEveEveEveLynEve
aaaaaaaaaaaaaaaaaqcLynLeeLee
aaaaaaaaaaaaaaaaaqdLyn
aaaaaaaaaaaaaaaaaqeLeeLeeLyn
aaaaaaaaaaaaaaaaaqfLyn
aaaaaaaaaaaaaaaaaqgEveEveLeeEveLynEveLeeEve
aaaaaaaaaaaaaaaaaqhLyn
aaaaaaaaaaaaaaaaaqiLynLeeLee
aaaaaaaaaaaaaaaaaqjLyn
aaaaaaaaaaaaaaaaaqkLeeLeeLyn
aaaaaaaaaaaaaaaaaqlEveLynEveEveEveEve
aaaaaaaaaaaaaaaaaqmLeeLynLee
aaaaaaaaaaaaaaaaaqnLyn
aaaaaaaaaaaaaaaaaqoLynLeeLee
aaaaaaaaaaaaaaaaaqpLyn
aaaaaaaaaaaaaaaaaqqEveEveLeeEveEveLeeLynEve
aaaaaaaaaaaaaaaaaqrLyn
aaaaaaaaaaaaaaaaaqsLeeLynLee
aaaaaaaaaaaaaaaaaqtLyn
aaaaaaaaaaaaaaaaaquLynLeeLee
aaaaaaaaaaaaaaaaaqvEveEveEveLynEveEve
aaaaaaaaaaaaaaaaaqwLeeLeeLyn
aaaaaaaaaaaaaaaaaqxLyn
aaaaaaaaaaaaaaaaaqyLeeLynLee
aaaaaaaaaaaaaaaaaqzLyn
aaaaaaaaaaaaaaaaaraEveLynEveLeeEveEveLeeEve
aaaaaaaaaaaaaaaaarbLyn
aaaaaaaaaaaaaaaaarcLeeLeeLyn
aaaaaaaaaaaaaaaaardLyn
aaaaaaaaaaaaaaaaareLeeLynLee
aaaaaaaaaaaaaaaaarfEveEveEveEveLynEve
aaaaaaaaaaaaaaaaargLynLeeLee
aaaaaaaaaaaaaaaaarhLyn
aaaaaaaaaaaaaaaaariLeeLeeLyn
aaaaaaaaaaaaaaaaarjLyn
aaaaaaaaaaaaaaaaarkEveEveLeeEveLynEveLeeEve
aaaaaaaaaaaaaaaaarlLyn
aaaaaaaaaaaaaaaaarmLynLeeLee
aaaaaaaaaaaaaaaaarnLyn
aaaaaaaaaaaaaaaaaroLeeLeeLyn
aaaaaaaaaaaaaaaaarpEveLynEveEveEveEve
aaaaaaaaaaaaaaaaarqLeeLynLee
aaaaaaaaaaaaaaaaarrLyn
aaaaaaaaaaaaaaaaarsLynLeeLee
aaaaaaaaaaaaaaaaartLyn
aaaaaaaaaaaaaaaaaruEveEveLeeEveEveLeeLynEve
aaaaaaaaaaaaaaaaarvLyn
aaaaaaaaaaaaaaaaarwLeeLynLee
aaaaaaaaaaaaaaaaarxLyn
aaaaaaaaaaaaaaaaaryLynLeeLee
aaaaaaaaaaaaaaaaarzEveEveEveLynEveEve
aaaaaaaaaaaaaaaaasaLeeLeeLyn
aaaaaaaaaaaaaaaaasbLyn
aaaaaaaaaaaaaaaaascLeeLynLee
aaaaaaaaaaaaaaaaasdLyn
aaaaaaaaaaaaaaaaaseEveLynEveLeeEveEveLeeEve
aaaaaaaaaaaaaaaaasfLyn
aaaaaaaaaaaaaaaaasgLeeLeeLyn
aaaaaaaaaaaaaaaaashLyn
aaaaaaaaaaaaaaaaasiLeeLynLee
aaaaaaaaaaaaaaaaasjEveEveEveEveLynEve
aaaaaaaaaaaaaaaaaskLynLeeLee
aaaaaaaaaaaaaaaaaslLyn
aaaaaaaaaaaaaaaaasmLeeLeeLyn
aaaaaaaaaaaaaaaaasnLyn
aaaaaaaaaaaaaaaaasoEveEveLeeEveLynEveLeeEve
aaaaaaaaaaaaaaaaaspLyn
aaaaaaaaaaaaaaaaasqLynLeeLee
aaaaaaaaaaaaaaaaasrLyn
aaaaaaaaaaaaaaaaassLeeLeeLyn
aaaaaaaaaaaaaaaaastEveLynEveEveEveEve
aaaaaaaaaaaaaaaaasuLeeLynLee
aaaaaaaaaaaaaaaaasvLyn
aaaaaaaaaaaaaaaaaswLynLeeLee
aaaaaaaaaaaaaaaaasxLyn
aaaaaaaaaaaaaaaaasyEveEveLeeEveEveLeeLynEve
aaaaaaaaaaaaaaaaaszLyn
aaaaaaaaaaaaaaaaataLeeLynLee
aaaaaaaaaaaaaaaaatbLyn
aaaaaaaaaaaaaaaaatcLynLeeLee
No cat found.
No cat found.
aaaaaaaaaaaaaaaaatfLyn
