aaaaaaaaaaaaaaaaaaaLeeLeeLyn
aaaaaaaaaaaaaaaaaabLynEve
aaaaaaaaaaaaaaaaaacEveLynLee
aaaaaaaaaaaaaaaaaadEveLyn
aaaaaaaaaaaaaaaaaaeLynEveLee
aaaaaaaaaaaaaaaaaafLyn
aaaaaaaaaaaaaaaaaagLeeEveLeeLyn
aaaaaaaaaaaaaaaaaahEve
aaaaaaaaaaaaaaaaaaiLeeLynLeeEve
aaaaaaaaaaaaaaaaaajEveLyn
aaaaaaaaaaaaaaaaaakLynLeeLee
aaaaaaaaaaaaaaaaaalLynEve
aaaaaaaaaaaaaaaaaamEveLeeLeeLyn
aaaaaaaaaaaaaaaaaanLynEve
aaaaaaaaaaaaaaaaaaoLeeEveLynLee
aaaaaaaaaaaaaaaaaapLyn
aaaaaaaaaaaaaaaaaaqLynLeeEveLee
aaaaaaaaaaaaaaaaaarEveLyn
aaaaaaaaaaaaaaaaaasLeeLeeEveLyn
aaaaaaaaaaaaaaaaaatLynEve
aaaaaaaaaaaaaaaaaauLeeLynLee
aaaaaaaaaaaaaaaaaavEveLyn
aaaaaaaaaaaaaaaaaawEveLynLeeLee
aaaaaaaaaaaaaaaaaaxLynEve
aaaaaaaaaaaaaaaaaayLeeEveLeeLyn
aaaaaaaaaaaaaaaaaazLyn
aaaaaaaaaaaaaaaaabaLeeLynEveLee
aaaaaaaaaaaaaaaaabbEveLyn
aaaaaaaaaaaaaaaaabcLynLeeLeeEve
aaaaaaaaaaaaaaaaabdEveLyn
aaaaaaaaaaaaaaaaabeLeeLeeLyn
aaaaaaaaaaaaaaaaabfLynEve
aaaaaaaaaaaaaaaaabgEveLeeLynLee
aaaaaaaaaaaaaaaaabhEveLyn
aaaaaaaaaaaaaaaaabiLynLeeEveLee
aaaaaaaaaaaaaaaaabjLyn
aaaaaaaaaaaaaaaaabkLeeEveLeeLyn
aaaaaaaaaaaaaaaaablEveLyn
aaaaaaaaaaaaaaaaabmLeeLynLeeEve
aaaaaaaaaaaaaaaaabnEveLyn
aaaaaaaaaaaaaaaaaboLynLeeLee
aaaaaaaaaaaaaaaaabpLynEve
aaaaaaaaaaaaaaaaabqEveLeeLeeLyn
aaaaaaaaaaaaaaaaabrLynEve
aaaaaaaaaaaaaaaaabsLeeEveLynLee
aaaaaaaaaaaaaaaaabtLyn
aaaaaaaaaaaaaaaaabuLynLeeEveLee
aaaaaaaaaaaaaaaaabvEveLyn
aaaaaaaaaaaaaaaaabwLeeLeeEveLyn
aaaaaaaaaaaaaaaaabxLynEve
aaaaaaaaaaaaaaaaabyLeeLynLee
aaaaaaaaaaaaaaaaabzEveLyn
aaaaaaaaaaaaaaaaacaEveLynLeeLee
aaaaaaaaaaaaaaaaacbLynEve
aaaaaaaaaaaaaaaaaccLeeEveLeeLyn
aaaaaaaaaaaaaaaaacdLyn
aaaaaaaaaaaaaaaaaceLeeLynEveLee
aaaaaaaaaaaaaaaaacfEveLyn
aaaaaaaaaaaaaaaaacgLynLeeLeeEve
aaaaaaaaaaaaaaaaachEveLyn
aaaaaaaaaaaaaaaaaciLeeLeeLyn
aaaaaaaaaaaaaaaaacjLynEve
aaaaaaaaaaaaaaaaackEveLeeLynLee
aaaaaaaaaaaaaaaaaclEveLyn
aaaaaaaaaaaaaaaaacmLynLeeEveLee
aaaaaaaaaaaaaaaaacnLyn
aaaaaaaaaaaaaaaaacoLeeEveLeeLyn
aaaaaaaaaaaaaaaaacpEveLyn
aaaaaaaaaaaaaaaaacqLeeLynLeeEve
No cat found.
aaaaaaaaaaaaaaaaacsLynLeeLee
aaaaaaaaaaaaaaaaactLynEve
aaaaaaaaaaaaaaaaacuEveLeeLee
aaaaaaaaaaaaaaaaacvLynEve
aaaaaaaaaaaaaaaaacwLeeEveLynLee
aaaaaaaaaaaaaaaaacx
aaaaaaaaaaaaaaaaacyLynLeeEveLee
aaaaaaaaaaaaaaaaaczEveLyn
aaaaaaaaaaaaaaaaadaLeeLeeEve
aaaaaaaaaaaaaaaaadbLynEve
aaaaaaaaaaaaaaaaadcLeeLynLee
aaaaaaaaaaaaaaaaaddEve
aaaaaaaaaaaaaaaaadeEveLynLeeLee
aaaaaaaaaaaaaaaaadfLynEve
aaaaaaaaaaaaaaaaadgLeeEveLee
aaaaaaaaaaaaaaaaadhLyn
aaaaaaaaaaaaaaaaadiLeeLynEveLee
aaaaaaaaaaaaaaaaadjEve
aaaaaaaaaaaaaaaaadkLynLeeLeeEve
aaaaaaaaaaaaaaaaadlEveLyn
aaaaaaaaaaaaaaaaadmLeeLee
aaaaaaaaaaaaaaaaadnLynEve
aaaaaaaaaaaaaaaaadoEveLeeLynLee
aaaaaaaaaaaaaaaaadpEve
aaaaaaaaaaaaaaaaadqLynLeeEveLee
aaaaaaaaaaaaaaaaadrLyn
aaaaaaaaaaaaaaaaadsLeeEveLee
aaaaaaaaaaaaaaaaadtEveLyn
aaaaaaaaaaaaaaaaaduLeeLynEveLee
aaaaaaaaaaaaaaaaadvEve
aaaaaaaaaaaaaaaaadwLynLeeLee
aaaaaaaaaaaaaaaaadxLynEve
aaaaaaaaaaaaaaaaadyEveLeeLee
aaaaaaaaaaaaaaaaadzLynEve
aaaaaaaaaaaaaaaaaeaLeeEveLynLee
aaaaaaaaaaaaaaaaaeb
aaaaaaaaaaaaaaaaaecLynLeeEveLee
aaaaaaaaaaaaaaaaaedEveLyn
aaaaaaaaaaaaaaaaaeeLeeEveLee
aaaaaaaaaaaaaaaaaefLynEve
aaaaaaaaaaaaaaaaaegLeeLynLee
aaaaaaaaaaaaaaaaaehEve
aaaaaaaaaaaaaaaaaeiEveLynLeeLee
aaaaaaaaaaaaaaaaaejLynEve
aaaaaaaaaaaaaaaaaekLeeEveLee
aaaaaaaaaaaaaaaaaelLyn
aaaaaaaaaaaaaaaaaemLeeLynEveLee
aaaaaaaaaaaaaaaaaenEve
aaaaaaaaaaaaaaaaaeoLynLeeEveLee
aaaaaaaaaaaaaaaaaepEveLyn
aaaaaaaaaaaaaaaaaeqLeeLee
aaaaaaaaaaaaaaaaaerLynEve
aaaaaaaaaaaaaaaaaesEveLeeLynLee
aaaaaaaaaaaaaaaaaetEve
aaaaaaaaaaaaaaaaaeuLynLeeEveLee
aaaaaaaaaaaaaaaaaevLyn
aaaaaaaaaaaaaaaaaewLeeEveLee
aaaaaaaaaaaaaaaaaexEveLyn
aaaaaaaaaaaaaaaaaeyLeeLynEveLee
aaaaaaaaaaaaaaaaaezEve
aaaaaaaaaaaaaaaaafaLynLeeLee
aaaaaaaaaaaaaaaaafbLynEve
aaaaaaaaaaaaaaaaafcEveLeeLee
aaaaaaaaaaaaaaaaafdLynEve
aaaaaaaaaaaaaaaaafeLeeEveLynLee
aaaaaaaaaaaaaaaaaff
aaaaaaaaaaaaaaaaafgLynLeeEveLee
aaaaaaaaaaaaaaaaafhEveLyn
No cat found.
aaaaaaaaaaaaaaaaafjLynEve
aaaaaaaaaaaaaaaaafkLeeLyn
aaaaaaaaaaaaaaaaaflEve
aaaaaaaaaaaaaaaaafmEveLynLee
aaaaaaaaaaaaaaaaafnLynEve
aaaaaaaaaaaaaaaaafoLeeEve
aaaaaaaaaaaaaaaaafpLyn
aaaaaaaaaaaaaaaaafqLeeEve
aaaaaaaaaaaaaaaaafrEve
aaaaaaaaaaaaaaaaafsLynLeeEve
aaaaaaaaaaaaaaaaaftEveLyn
aaaaaaaaaaaaaaaaafuLee
aaaaaaaaaaaaaaaaafvLynEve
aaaaaaaaaaaaaaaaafwEveLeeLyn
aaaaaaaaaaaaaaaaafxEve
aaaaaaaaaaaaaaaaafyLynLeeEve
aaaaaaaaaaaaaaaaafzLyn
aaaaaaaaaaaaaaaaagaLeeEve
aaaaaaaaaaaaaaaaagbEveLyn
aaaaaaaaaaaaaaaaagcLeeLynEve
aaaaaaaaaaaaaaaaagdEve
aaaaaaaaaaaaaaaaageLynLee
aaaaaaaaaaaaaaaaagfEveLyn
aaaaaaaaaaaaaaaaaggEveLee
aaaaaaaaaaaaaaaaaghLynEve
aaaaaaaaaaaaaaaaagiLeeEveLyn
aaaaaaaaaaaaaaaaagj
aaaaaaaaaaaaaaaaagkLynLeeEve
aaaaaaaaaaaaaaaaaglEveLyn
aaaaaaaaaaaaaaaaagmLeeEve
aaaaaaaaaaaaaaaaagnLynEve
aaaaaaaaaaaaaaaaagoLeeLyn
aaaaaaaaaaaaaaaaagpEve
aaaaaaaaaaaaaaaaagqEveLynLee
aaaaaaaaaaaaaaaaagrLynEve
aaaaaaaaaaaaaaaaagsLeeEve
aaaaaaaaaaaaaaaaagtLyn
aaaaaaaaaaaaaaaaaguLeeEveLyn
aaaaaaaaaaaaaaaaagvEve
aaaaaaaaaaaaaaaaagwLynLeeEve
aaaaaaaaaaaaaaaaagxEveLyn
aaaaaaaaaaaaaaaaagyLee
aaaaaaaaaaaaaaaaagzLynEve
aaaaaaaaaaaaaaaaahaEveLeeLyn
aaaaaaaaaaaaaaaaahbEve
aaaaaaaaaaaaaaaaahcLynLee
aaaaaaaaaaaaaaaaahdLyn
aaaaaaaaaaaaaaaaaheLeeEve
aaaaaaaaaaaaaaaaahfEveLyn
aaaaaaaaaaaaaaaaahgLeeLynEve
aaaaaaaaaaaaaaaaahhEve
aaaaaaaaaaaaaaaaahiLynLee
aaaaaaaaaaaaaaaaahjEveLyn
aaaaaaaaaaaaaaaaahkEveLee
aaaaaaaaaaaaaaaaahlLynEve
aaaaaaaaaaaaaaaaahmEveLeeLyn
aaaaaaaaaaaaaaaaahn
aaaaaaaaaaaaaaaaahoLynLeeEve
aaaaaaaaaaaaaaaaahpEveLyn
aaaaaaaaaaaaaaaaahqLeeEve
aaaaaaaaaaaaaaaaahrLynEve
aaaaaaaaaaaaaaaaahsLeeLyn
aaaaaaaaaaaaaaaaahtEve
aaaaaaaaaaaaaaaaahuEveLynLee
aaaaaaaaaaaaaaaaahvLynEve
aaaaaaaaaaaaaaaaahwEveLee
aaaaaaaaaaaaaaaaahxLyn
aaaaaaaaaaaaaaaaahyLeeEveLyn
aaaaaaaaaaaaaaaaahzEve
No cat found.
aaaaaaaaaaaaaaaaaibEveLyn
aaaaaaaaaaaaaaaaaicLee
aaaaaaaaaaaaaaaaaidLynEve
aaaaaaaaaaaaaaaaaieEveLeeLyn
aaaaaaaaaaaaaaaaaif
aaaaaaaaaaaaaaaaaigLynEveLee
aaaaaaaaaaaaaaaaaihLyn
aaaaaaaaaaaaaaaaaiiLeeEve
aaaaaaaaaaaaaaaaaijEveLyn
aaaaaaaaaaaaaaaaaikLeeLyn
aaaaaaaaaaaaaaaaailEve
aaaaaaaaaaaaaaaaaimLynLee
aaaaaaaaaaaaaaaaainEveLyn
aaaaaaaaaaaaaaaaaioEveLee
aaaaaaaaaaaaaaaaaipLyn
aaaaaaaaaaaaaaaaaiqEveLeeLyn
aaaaaaaaaaaaaaaaair
aaaaaaaaaaaaaaaaaisLynLeeEve
aaaaaaaaaaaaaaaaaitEveLyn
aaaaaaaaaaaaaaaaaiuLee
aaaaaaaaaaaaaaaaaivLynEve
aaaaaaaaaaaaaaaaaiwLeeLyn
aaaaaaaaaaaaaaaaaixEve
aaaaaaaaaaaaaaaaaiyEveLynLee
aaaaaaaaaaaaaaaaaizLyn
aaaaaaaaaaaaaaaaajaEveLee
aaaaaaaaaaaaaaaaajbLyn
aaaaaaaaaaaaaaaaajcLeeEveLyn
aaaaaaaaaaaaaaaaajdEve
aaaaaaaaaaaaaaaaajeLynLee
aaaaaaaaaaaaaaaaajfEveLyn
aaaaaaaaaaaaaaaaajgLee
aaaaaaaaaaaaaaaaajhLynEve
aaaaaaaaaaaaaaaaajiEveLeeLyn
aaaaaaaaaaaaaaaaajj
aaaaaaaaaaaaaaaaajkLynEveLee
aaaaaaaaaaaaaaaaajlLyn
aaaaaaaaaaaaaaaaajmLeeEve
aaaaaaaaaaaaaaaaajnEveLyn
aaaaaaaaaaaaaaaaajoLeeLyn
aaaaaaaaaaaaaaaaajpEve
aaaaaaaaaaaaaaaaajqLynLee
aaaaaaaaaaaaaaaaajrEveLyn
aaaaaaaaaaaaaaaaajsEveLee
aaaaaaaaaaaaaaaaajtLyn
aaaaaaaaaaaaaaaaajuEveLeeLyn
aaaaaaaaaaaaaaaaajv
aaaaaaaaaaaaaaaaajwLynLeeEve
aaaaaaaaaaaaaaaaajxEveLyn
aaaaaaaaaaaaaaaaajyLee
aaaaaaaaaaaaaaaaajzLynEve
aaaaaaaaaaaaaaaaakaLeeLyn
aaaaaaaaaaaaaaaaakbEve
aaaaaaaaaaaaaaaaakcEveLynLee
aaaaaaaaaaaaaaaaakdLyn
aaaaaaaaaaaaaaaaakeEveLee
aaaaaaaaaaaaaaaaakfLyn
aaaaaaaaaaaaaaaaakgLeeEveLyn
aaaaaaaaaaaaaaaaakhEve
aaaaaaaaaaaaaaaaakiLynLee
aaaaaaaaaaaaaaaaakjEveLyn
aaaaaaaaaaaaaaaaakkLee
aaaaaaaaaaaaaaaaaklLynEve
aaaaaaaaaaaaaaaaakmEveLeeLyn
aaaaaaaaaaaaaaaaakn
aaaaaaaaaaaaaaaaakoLynEveLee
aaaaaaaaaaaaaaaaakpLyn
aaaaaaaaaaaaaaaaakqLeeEve
aaaaaaaaaaaaaaaaakrEveLyn
