aaaaaaaaaaaaaaaaaaaLeeLynEveLee
aaaaaaaaaaaaaaaaaabLynLeeEveLyn
aaaaaaaaaaaaaaaaaacEveLynEve
aaaaaaaaaaaaaaaaaadEveLynLee
aaaaaaaaaaaaaaaaaaeLynEveLyn
aaaaaaaaaaaaaaaaaafLeeEveLyn
aaaaaaaaaaaaaaaaaagLeeLynEveLee
aaaaaaaaaaaaaaaaaahEveLeeEve
aaaaaaaaaaaaaaaaaaiLeeEveLynLee
aaaaaaaaaaaaaaaaaajLynEveLee
aaaaaaaaaaaaaaaaaakLynLeeEveLynLee
aaaaaaaaaaaaaaaaaalLeeLynEve
aaaaaaaaaaaaaaaaaamEveLeeLynEveLee
aaaaaaaaaaaaaaaaaanLynEveLeeLyn
aaaaaaaaaaaaaaaaaaoLeeEveLynLee
aaaaaaaaaaaaaaaaaapLynLeeEve
aaaaaaaaaaaaaaaaaaqLynLeeEveLynLee
aaaaaaaaaaaaaaaaaarEveLeeLynEve
aaaaaaaaaaaaaaaaaasLeeEveLynLee
aaaaaaaaaaaaaaaaaatLynEveLeeLyn
aaaaaaaaaaaaaaaaaauLeeEveLynLee
aaaaaaaaaaaaaaaaaavLynLeeEve
aaaaaaaaaaaaaaaaaawEveLynLeeEveLynLee
aaaaaaaaaaaaaaaaaaxEveLeeLyn
aaaaaaaaaaaaaaaaaayLeeLynEveLee
aaaaaaaaaaaaaaaaaazLynLeeEveLyn
aaaaaaaaaaaaaaaaabaLeeLynEveLee
aaaaaaaaaaaaaaaaabbEveLynLeeEve
aaaaaaaaaaaaaaaaabcLynLeeEveLynLee
aaaaaaaaaaaaaaaaabdEveLeeLyn
aaaaaaaaaaaaaaaaabeLeeLynEveLee
aaaaaaaaaaaaaaaaabfLynLeeEveLyn
aaaaaaaaaaaaaaaaabgEveLeeLynEveLee
aaaaaaaaaaaaaaaaabhEveLynLee
aaaaaaaaaaaaaaaaabiLynLeeEveLynLee
aaaaaaaaaaaaaaaaabjLeeEveLyn
aaaaaaaaaaaaaaaaabkLeeLynEveLee
aaaaaaaaaaaaaaaaablEveLynLeeEveLyn
aaaaaaaaaaaaaaaaabmLeeEveLynLee
aaaaaaaaaaaaaaaaabnLynEveLee
aaaaaaaaaaaaaaaaaboLynLeeEveLynLee
aaaaaaaaaaaaaaaaabpLeeLynEve
aaaaaaaaaaaaaaaaabqEveLeeLynEveLee
aaaaaaaaaaaaaaaaabrLynEveLeeLyn
aaaaaaaaaaaaaaaaabsLeeEveLynLee
aaaaaaaaaaaaaaaaabtLynLeeEve
aaaaaaaaaaaaaaaaabuLynLeeEveLynLee
aaaaaaaaaaaaaaaaabvEveLeeLynEve
aaaaaaaaaaaaaaaaabwLeeEveLynLee
aaaaaaaaaaaaaaaaabxLynEveLeeLyn
aaaaaaaaaaaaaaaaabyLeeEveLynLee
aaaaaaaaaaaaaaaaabzLynLeeEve
aaaaaaaaaaaaaaaaacaEveLynLeeEveLynLee
aaaaaaaaaaaaaaaaacbEveLeeLyn
aaaaaaaaaaaaaaaaaccLeeLynEveLee
aaaaaaaaaaaaaaaaacdLynLeeEveLyn
aaaaaaaaaaaaaaaaaceLeeLynEveLee
aaaaaaaaaaaaaaaaacfEveLynLeeEve
aaaaaaaaaaaaaaaaacgLynLeeEveLynLee
aaaaaaaaaaaaaaaaachEveLeeLyn
aaaaaaaaaaaaaaaaaciLeeLynEveLee
aaaaaaaaaaaaaaaaacjLynLeeEveLyn
aaaaaaaaaaaaaaaaackEveLeeLynEveLee
aaaaaaaaaaaaaaaaaclEveLynLee
aaaaaaaaaaaaaaaaacmLynLeeEveLynLee
aaaaaaaaaaaaaaaaacnLeeEveLyn
aaaaaaaaaaaaaaaaacoLeeLynEveLee
aaaaaaaaaaaaaaaaacpEveLynLeeEveLyn
aaaaaaaaaaaaaaaaacqLeeEveLynLee
aaaaaaaaaaaaaaaaacrLynEveLee
aaaaaaaaaaaaaaaaacsLynLeeEveLynLee
aaaaaaaaaaaaaaaaactLeeLynEve
aaaaaaaaaaaaaaaaacuEveLeeLynEveLee
aaaaaaaaaaaaaaaaacvLynEveLeeLyn
aaaaaaaaaaaaaaaaacwLeeEveLynLee
aaaaaaaaaaaaaaaaacxLynLeeEve
aaaaaaaaaaaaaaaaacyLynLeeEveLynLee
aaaaaaaaaaaaaaaaaczEveLeeLynEve
aaaaaaaaaaaaaaaaadaLeeEveLynLee
aaaaaaaaaaaaaaaaadbLynEveLeeLyn
aaaaaaaaaaaaaaaaadcLeeEveLynLee
aaaaaaaaaaaaaaaaaddLynLeeEve
aaaaaaaaaaaaaaaaadeEveLynLeeEveLynLee
aaaaaaaaaaaaaaaaadfEveLeeLyn
aaaaaaaaaaaaaaaaadgLeeLynEveLee
aaaaaaaaaaaaaaaaadhLynLeeEveLyn
aaaaaaaaaaaaaaaaadiLeeLynEveLee
aaaaaaaaaaaaaaaaadjEveLynLeeEve
aaaaaaaaaaaaaaaaadkLynLeeEveLynLee
aaaaaaaaaaaaaaaaadlEveLeeLyn
aaaaaaaaaaaaaaaaadmLeeLynEveLee
aaaaaaaaaaaaaaaaadnLynLeeEveLyn
aaaaaaaaaaaaaaaaadoEveLeeLynEveLee
aaaaaaaaaaaaaaaaadpEveLynLee
aaaaaaaaaaaaaaaaadqLynLeeEveLynLee
aaaaaaaaaaaaaaaaadrLeeEveLyn
aaaaaaaaaaaaaaaaadsLeeLynEveLee
aaaaaaaaaaaaaaaaadtEveLynLeeEveLyn
aaaaaaaaaaaaaaaaaduLeeEveLynLee
aaaaaaaaaaaaaaaaadvLynEveLee
aaaaaaaaaaaaaaaaadwLynLeeEveLynLee
aaaaaaaaaaaaaaaaadxLeeLynEve
aaaaaaaaaaaaaaaaadyEveLeeLynEveLee
aaaaaaaaaaaaaaaaadzLynEveLeeLyn
aaaaaaaaaaaaaaaaaeaLeeEveLynLee
aaaaaaaaaaaaaaaaaebLynLeeEve
aaaaaaaaaaaaaaaaaecLynLeeEveLynLee
aaaaaaaaaaaaaaaaaedEveLeeLynEve
aaaaaaaaaaaaaaaaaeeLeeEveLynLee
aaaaaaaaaaaaaaaaaefLynEveLeeLyn
aaaaaaaaaaaaaaaaaegLeeEveLynLee
aaaaaaaaaaaaaaaaaehLynLeeEve
aaaaaaaaaaaaaaaaaeiEveLynLeeEveLynLee
aaaaaaaaaaaaaaaaaejEveLeeLyn
aaaaaaaaaaaaaaaaaekLeeLynEveLee
aaaaaaaaaaaaaaaaaelLynLeeEveLyn
aaaaaaaaaaaaaaaaaemLeeLynEveLee
aaaaaaaaaaaaaaaaaenEveLynLeeEve
aaaaaaaaaaaaaaaaaeoLynLeeEveLynLee
aaaaaaaaaaaaaaaaaepEveLeeLyn
aaaaaaaaaaaaaaaaaeqLeeLynEveLee
aaaaaaaaaaaaaaaaaerLynLeeEveLyn
aaaaaaaaaaaaaaaaaesEveLeeLynEveLee
aaaaaaaaaaaaaaaaaetEveLynLee
aaaaaaaaaaaaaaaaaeuLynLeeEveLynLee
aaaaaaaaaaaaaaaaaevLeeEveLyn
aaaaaaaaaaaaaaaaaewLeeLynEveLee
aaaaaaaaaaaaaaaaaexEveLynLeeEveLyn
aaaaaaaaaaaaaaaaaeyLeeEveLynLee
aaaaaaaaaaaaaaaaaezLynEveLee
aaaaaaaaaaaaaaaaafaLynLeeEveLynLee
aaaaaaaaaaaaaaaaafbLeeLynEve
aaaaaaaaaaaaaaaaafcEveLeeLynEveLee
aaaaaaaaaaaaaaaaafdLynEveLeeLyn
aaaaaaaaaaaaaaaaafeLeeEveLynLee
aaaaaaaaaaaaaaaaaffLynLee
aaaaaaaaaaaaaaaaafgLynLeeEveLynLee
aaaaaaaaaaaaaaaaafhEveLeeLynEve
aaaaaaaaaaaaaaaaafiLeeEveLynLee
aaaaaaaaaaaaaaaaafjLynEveLeeLyn
aaaaaaaaaaaaaaaaafkLeeEveLynLee
aaaaaaaaaaaaaaaaaflLynLeeEve
aaaaaaaaaaaaaaaaafmEveLynLeeEveLynLee
aaaaaaaaaaaaaaaaafnEveLeeLyn
aaaaaaaaaaaaaaaaafoLeeLynEveLee
aaaaaaaaaaaaaaaaafpLynEveLeeLyn
aaaaaaaaaaaaaaaaafqLeeLynEveLee
aaaaaaaaaaaaaaaaafrEveLynLeeEve
No cat found.
aaaaaaaaaaaaaaaaaftEveLeeLyn
aaaaaaaaaaaaaaaaafuLeeLynEve
aaaaaaaaaaaaaaaaafvLynLeeEveLyn
aaaaaaaaaaaaaaaaafwEveLeeLynEve
aaaaaaaaaaaaaaaaafxEveLynLee
aaaaaaaaaaaaaaaaafyLynLeeEveLyn
aaaaaaaaaaaaaaaaafzEveLeeLyn
aaaaaaaaaaaaaaaaagaLeeLynEve
aaaaaaaaaaaaaaaaagbEveLynLeeEveLyn
aaaaaaaaaaaaaaaaagcLeeEveLyn
aaaaaaaaaaaaaaaaagdLynEveLee
aaaaaaaaaaaaaaaaageLynLeeEveLyn
aaaaaaaaaaaaaaaaagfLeeLynEve
aaaaaaaaaaaaaaaaaggEveLeeLynEve
aaaaaaaaaaaaaaaaaghLynEveLeeLyn
aaaaaaaaaaaaaaaaagiLeeEveLyn
aaaaaaaaaaaaaaaaagjLynEveLee
aaaaaaaaaaaaaaaaagkLynLeeEveLyn
aaaaaaaaaaaaaaaaaglEveLeeLynEve
aaaaaaaaaaaaaaaaagmLeeEveLyn
aaaaaaaaaaaaaaaaagnLynEveLeeLyn
aaaaaaaaaaaaaaaaagoLeeEveLyn
aaaaaaaaaaaaaaaaagpLynLeeEve
aaaaaaaaaaaaaaaaagqEveLynLeeEveLyn
aaaaaaaaaaaaaaaaagrEveLeeLyn
aaaaaaaaaaaaaaaaagsLeeLynEve
aaaaaaaaaaaaaaaaagtLynEveLeeLyn
aaaaaaaaaaaaaaaaaguLeeLynEve
aaaaaaaaaaaaaaaaagvEveLynLeeEve
aaaaaaaaaaaaaaaaagwLynLeeEveLyn
aaaaaaaaaaaaaaaaagxEveLeeLyn
aaaaaaaaaaaaaaaaagyLeeLynEve
aaaaaaaaaaaaaaaaagzLynLeeEveLyn
aaaaaaaaaaaaaaaaahaEveLeeLynEve
aaaaaaaaaaaaaaaaahbEveLynLee
aaaaaaaaaaaaaaaaahcLynLeeEveLyn
aaaaaaaaaaaaaaaaahdEveLeeLyn
aaaaaaaaaaaaaaaaaheLeeLynEve
aaaaaaaaaaaaaaaaahfEveLynLeeEveLyn
aaaaaaaaaaaaaaaaahgLeeEveLyn
aaaaaaaaaaaaaaaaahhLynEveLee
aaaaaaaaaaaaaaaaahiLynLeeEveLyn
aaaaaaaaaaaaaaaaahjLeeLynEve
aaaaaaaaaaaaaaaaahkEveLeeLynEve
aaaaaaaaaaaaaaaaahlLynEveLeeLyn
aaaaaaaaaaaaaaaaahmLeeEveLyn
aaaaaaaaaaaaaaaaahnLynEveLee
aaaaaaaaaaaaaaaaahoLynLeeEveLyn
aaaaaaaaaaaaaaaaahpEveLeeLynEve
aaaaaaaaaaaaaaaaahqLeeEveLyn
aaaaaaaaaaaaaaaaahrLynEveLeeLyn
aaaaaaaaaaaaaaaaahsLeeEveLyn
aaaaaaaaaaaaaaaaahtLynLeeEve
aaaaaaaaaaaaaaaaahuEveLynLeeEveLyn
aaaaaaaaaaaaaaaaahvEveLeeLyn
aaaaaaaaaaaaaaaaahwLeeLyn
aaaaaaaaaaaaaaaaahxLynEveLeeLyn
aaaaaaaaaaaaaaaaahyLeeLynEve
aaaaaaaaaaaaaaaaahzEveLynLeeEve
aaaaaaaaaaaaaaaaaiaLynLeeEveLyn
aaaaaaaaaaaaaaaaaibEveLeeLyn
aaaaaaaaaaaaaaaaaicLeeLynEve
aaaaaaaaaaaaaaaaaidLynLeeEveLyn
aaaaaaaaaaaaaaaaaieEveLeeLynEve
aaaaaaaaaaaaaaaaaifEveLynLee
aaaaaaaaaaaaaaaaaigLynLeeEveLyn
aaaaaaaaaaaaaaaaaihEveLeeLyn
aaaaaaaaaaaaaaaaaiiLeeLynEve
aaaaaaaaaaaaaaaaaijEveLynLeeEveLyn
aaaaaaaaaaaaaaaaaikLeeEveLyn
aaaaaaaaaaaaaaaaailEveLynLee
aaaaaaaaaaaaaaaaaimLynLeeEveLyn
aaaaaaaaaaaaaaaaainLeeLynEve
aaaaaaaaaaaaaaaaaioEveLeeLynEve
No cat found.
aaaaaaaaaaaaaaaaaiqLeeEveLyn
aaaaaaaaaaaaaaaaairLynEveLee
aaaaaaaaaaaaaaaaaisLynLeeEve
aaaaaaaaaaaaaaaaaitEveLeeLynEve
aaaaaaaaaaaaaaaaaiuLeeEveLyn
aaaaaaaaaaaaaaaaaivLynEveLee
aaaaaaaaaaaaaaaaaiwLeeEveLyn
aaaaaaaaaaaaaaaaaixLynLeeEve
aaaaaaaaaaaaaaaaaiyEveLynLeeEve
aaaaaaaaaaaaaaaaaizEveLeeLyn
aaaaaaaaaaaaaaaaajaLeeEveLyn
aaaaaaaaaaaaaaaaajbLynEveLee
aaaaaaaaaaaaaaaaajcLeeLynEve
aaaaaaaaaaaaaaaaajdEveLynLeeEve
aaaaaaaaaaaaaaaaajeLynLeeEve
aaaaaaaaaaaaaaaaajfEveLeeLyn
aaaaaaaaaaaaaaaaajgLeeLynEve
aaaaaaaaaaaaaaaaajhLynLeeEve
aaaaaaaaaaaaaaaaajiEveLeeLynEve
aaaaaaaaaaaaaaaaajjEveLynLee
aaaaaaaaaaaaaaaaajkLynLeeEve
aaaaaaaaaaaaaaaaajlEveLeeLyn
aaaaaaaaaaaaaaaaajmLeeLynEve
aaaaaaaaaaaaaaaaajnEveLynLeeEve
aaaaaaaaaaaaaaaaajoLeeEveLyn
aaaaaaaaaaaaaaaaajpEveLynLee
aaaaaaaaaaaaaaaaajqLynLeeEve
aaaaaaaaaaaaaaaaajrLeeLynEve
aaaaaaaaaaaaaaaaajsEveLeeLynEve
aaaaaaaaaaaaaaaaajtLynEveLee
aaaaaaaaaaaaaaaaajuLeeEveLyn
aaaaaaaaaaaaaaaaajvLynEveLee
aaaaaaaaaaaaaaaaajwLynLeeEve
aaaaaaaaaaaaaaaaajxEveLeeLynEve
aaaaaaaaaaaaaaaaajyLeeEveLyn
aaaaaaaaaaaaaaaaajzLynEveLee
aaaaaaaaaaaaaaaaakaLeeEveLyn
aaaaaaaaaaaaaaaaakbLynLeeEve
aaaaaaaaaaaaaaaaakcEveLynLeeEve
aaaaaaaaaaaaaaaaakdEveLeeLyn
aaaaaaaaaaaaaaaaakeLeeEveLyn
aaaaaaaaaaaaaaaaakfLynEveLee
aaaaaaaaaaaaaaaaakgLeeLynEve
aaaaaaaaaaaaaaaaakhEveLynLeeEve
aaaaaaaaaaaaaaaaakiLynLeeEve
aaaaaaaaaaaaaaaaakjEveLeeLyn
aaaaaaaaaaaaaaaaakkLeeLynEve
aaaaaaaaaaaaaaaaaklLynLeeEve
aaaaaaaaaaaaaaaaakmEveLeeLynEve
aaaaaaaaaaaaaaaaaknEveLynLee
aaaaaaaaaaaaaaaaakoLynLeeEve
aaaaaaaaaaaaaaaaakpEveLeeLyn
aaaaaaaaaaaaaaaaakqLeeLynEve
aaaaaaaaaaaaaaaaakrEveLynLeeEve
aaaaaaaaaaaaaaaaaksEveLeeLyn
aaaaaaaaaaaaaaaaaktEveLynLee
aaaaaaaaaaaaaaaaakuLynLeeEve
aaaaaaaaaaaaaaaaakvLeeLynEve
aaaaaaaaaaaaaaaaakwEveLeeLynEve
aaaaaaaaaaaaaaaaakxLynEveLee
aaaaaaaaaaaaaaaaakyLeeEveLyn
aaaaaaaaaaaaaaaaakzLynEveLee
aaaaaaaaaaaaaaaaalaLynLeeEve
aaaaaaaaaaaaaaaaalbEveLeeLynEve
aaaaaaaaaaaaaaaaalcEveLeeLyn
aaaaaaaaaaaaaaaaaldLynEveLee
aaaaaaaaaaaaaaaaaleLeeEveLyn
aaaaaaaaaaaaaaaaalfLynLeeEve
aaaaaaaaaaaaaaaaalgEveLynLeeEve
aaaaaaaaaaaaaaaaalhEveLeeLyn
aaaaaaaaaaaaaaaaaliLeeEveLyn
aaaaaaaaaaaaaaaaaljLynEveLee
aaaaaaaaaaaaaaaaalkLeeLynEve
aaaaaaaaaaaaaaaaallEveLynLeeEve
aaaaaaaaaaaaaaaaalmLynEveLee
aaaaaaaaaaaaaaaaalnEveLeeLyn
aaaaaaaaaaaaaaaaaloLeeLynEve
aaaaaaaaaaaaaaaaalpLynLeeEve
aaaaaaaaaaaaaaaaalqEveLeeLynEve
aaaaaaaaaaaaaaaaalrEveLynLee
aaaaaaaaaaaaaaaaalsLynLeeEve
aaaaaaaaaaaaaaaaaltEveLeeLyn
aaaaaaaaaaaaaaaaaluLeeLynEve
aaaaaaaaaaaaaaaaalvEveLynLeeEve
aaaaaaaaaaaaaaaaalwEveLeeLyn
aaaaaaaaaaaaaaaaalxEveLynLee
aaaaaaaaaaaaaaaaalyLynLeeEve
aaaaaaaaaaaaaaaaalzLeeLynEve
aaaaaaaaaaaaaaaaamaEveLeeLynEve
aaaaaaaaaaaaaaaaambLynEveLee
aaaaaaaaaaaaaaaaamcLeeEveLyn
aaaaaaaaaaaaaaaaamdLynEveLee
aaaaaaaaaaaaaaaaameLynLeeEve
aaaaaaaaaaaaaaaaamfEveLeeLynEve
aaaaaaaaaaaaaaaaamgEveLeeLyn
aaaaaaaaaaaaaaaaamhLynEveLee
aaaaaaaaaaaaaaaaamiLeeEveLyn
aaaaaaaaaaaaaaaaamjLynLeeEve
aaaaaaaaaaaaaaaaamkEveLynLeeEve
aaaaaaaaaaaaaaaaamlEveLeeLyn
aaaaaaaaaaaaaaaaammLeeEveLyn
aaaaaaaaaaaaaaaaamnLynEveLee
aaaaaaaaaaaaaaaaamoLeeLynEve
aaaaaaaaaaaaaaaaampEveLynLeeEve
aaaaaaaaaaaaaaaaamqLynEveLee
aaaaaaaaaaaaaaaaamrEveLeeLyn
aaaaaaaaaaaaaaaaamsLeeLynEve
aaaaaaaaaaaaaaaaamtLynLeeEve
aaaaaaaaaaaaaaaaamuEveLeeLynEve
aaaaaaaaaaaaaaaaamvEveLynLee
aaaaaaaaaaaaaaaaamwLynLeeEve
aaaaaaaaaaaaaaaaamxEveLeeLyn
aaaaaaaaaaaaaaaaamyLeeLynEve
aaaaaaaaaaaaaaaaamzEveLynLeeEve
aaaaaaaaaaaaaaaaanaEveLeeLyn
aaaaaaaaaaaaaaaaanbEveLynLee
aaaaaaaaaaaaaaaaancLynLeeEve
aaaaaaaaaaaaaaaaandLeeLynEve
aaaaaaaaaaaaaaaaaneEveLeeLynEve
aaaaaaaaaaaaaaaaanfLynEveLee
aaaaaaaaaaaaaaaaangLeeEveLyn
aaaaaaaaaaaaaaaaanhLynEveLee
aaaaaaaaaaaaaaaaaniLynLeeEve
aaaaaaaaaaaaaaaaanjEveLeeLynEve
aaaaaaaaaaaaaaaaankEveLeeLyn
aaaaaaaaaaaaaaaaanlLynEveLee
aaaaaaaaaaaaaaaaanmLeeEveLyn
aaaaaaaaaaaaaaaaannLynLeeEve
aaaaaaaaaaaaaaaaanoEveLynLeeEve
aaaaaaaaaaaaaaaaanpEveLeeLyn
aaaaaaaaaaaaaaaaanqLeeEveLyn
aaaaaaaaaaaaaaaaanrLynEveLee
aaaaaaaaaaaaaaaaansLeeLynEve
aaaaaaaaaaaaaaaaantEveLynLeeEve
aaaaaaaaaaaaaaaaanuLynEveLee
aaaaaaaaaaaaaaaaanvEveLeeLyn
aaaaaaaaaaaaaaaaanwLeeLynEve
aaaaaaaaaaaaaaaaanxLynLeeEve
aaaaaaaaaaaaaaaaanyEveLeeLynEve
aaaaaaaaaaaaaaaaanzEveLynLee
aaaaaaaaaaaaaaaaaoaLynLeeEve
aaaaaaaaaaaaaaaaaobEveLeeLyn
aaaaaaaaaaaaaaaaaocLeeLynEve
aaaaaaaaaaaaaaaaaodEveLynLeeEve
aaaaaaaaaaaaaaaaaoeEveLeeLyn
aaaaaaaaaaaaaaaaaofEveLynLee
aaaaaaaaaaaaaaaaaogLynLeeEve
aaaaaaaaaaaaaaaaaohLeeLynEve
No cat found.
aaaaaaaaaaaaaaaaaojLynEveLee
aaaaaaaaaaaaaaaaaokLeeEveLyn
aaaaaaaaaaaaaaaaaolLynEveLee
aaaaaaaaaaaaaaaaaomLynLeeEve
aaaaaaaaaaaaaaaaaonEveLeeLyn
aaaaaaaaaaaaaaaaaooEveLeeLyn
aaaaaaaaaaaaaaaaaopLynEveLee
aaaaaaaaaaaaaaaaaoqLeeEveLyn
aaaaaaaaaaaaaaaaaorLynLeeEve
aaaaaaaaaaaaaaaaaosEveLynLee
aaaaaaaaaaaaaaaaaotEveLeeLyn
aaaaaaaaaaaaaaaaaouLeeEveLyn
aaaaaaaaaaaaaaaaaovLynEveLee
aaaaaaaaaaaaaaaaaowLeeLynEve
aaaaaaaaaaaaaaaaaoxEveLynLee
aaaaaaaaaaaaaaaaaoyLynEveLee
aaaaaaaaaaaaaaaaaozEveLeeLyn
aaaaaaaaaaaaaaaaapaLeeLynEve
aaaaaaaaaaaaaaaaapbLynLeeEve
aaaaaaaaaaaaaaaaapcEveLeeLyn
aaaaaaaaaaaaaaaaapdEveLynLee
aaaaaaaaaaaaaaaaapeLynLeeEve
aaaaaaaaaaaaaaaaapfEveLeeLyn
aaaaaaaaaaaaaaaaapgLeeLynEve
aaaaaaaaaaaaaaaaaphEveLynLee
aaaaaaaaaaaaaaaaapiEveLeeLyn
aaaaaaaaaaaaaaaaapjEveLynLee
aaaaaaaaaaaaaaaaapkLynLeeEve
aaaaaaaaaaaaaaaaaplLeeLynEve
aaaaaaaaaaaaaaaaapmEveLeeLyn
aaaaaaaaaaaaaaaaapnLynEveLee
aaaaaaaaaaaaaaaaapoLeeEveLyn
aaaaaaaaaaaaaaaaappLynEveLee
aaaaaaaaaaaaaaaaapqLynLeeEve
aaaaaaaaaaaaaaaaaprEveLee
aaaaaaaaaaaaaaaaapsEveLeeLyn
