aaaaaaaaaaaaaaaaaaaLeeLynEveLee
aaaaaaaaaaaaaaaaaabLynEveLeeLyn
aaaaaaaaaaaaaaaaaacEveLynEve
aaaaaaaaaaaaaaaaaadLynLeeEve
aaaaaaaaaaaaaaaaaaeLynEveLyn
aaaaaaaaaaaaaaaaaafLeeLynEve
aaaaaaaaaaaaaaaaaagLeeLynEveLee
aaaaaaaaaaaaaaaaaahEveLeeEve
aaaaaaaaaaaaaaaaaaiLeeEveLynLee
aaaaaaaaaaaaaaaaaajEveLynLee
aaaaaaaaaaaaaaaaaakLynLeeEveLynLee
aaaaaaaaaaaaaaaaaalEveLeeLyn
aaaaaaaaaaaaaaaaaamEveLeeLynEveLee
aaaaaaaaaaaaaaaaaanLynLeeEveLyn
aaaaaaaaaaaaaaaaaaoLeeEveLynLee
aaaaaaaaaaaaaaaaaapLynLeeEve
aaaaaaaaaaaaaaaaaaqLynLeeEveLynLee
aaaaaaaaaaaaaaaaaarEveLeeLynEve
aaaaaaaaaaaaaaaaaasLeeLynEveLee
aaaaaaaaaaaaaaaaaatLynEveLeeLyn
aaaaaaaaaaaaaaaaaauLeeLynEveLee
aaaaaaaaaaaaaaaaaavLynEveLee
aaaaaaaaaaaaaaaaaawEveLynLeeEveLynLee
aaaaaaaaaaaaaaaaaaxLeeEveLyn
aaaaaaaaaaaaaaaaaayLeeEveLynLee
aaaaaaaaaaaaaaaaaazLynLeeEveLyn
aaaaaaaaaaaaaaaaabaLeeEveLynLee
aaaaaaaaaaaaaaaaabbEveLynLeeEve
aaaaaaaaaaaaaaaaabcLynLeeEveLynLee
aaaaaaaaaaaaaaaaabdEveLeeLyn
aaaaaaaaaaaaaaaaabeLeeLynEveLee
aaaaaaaaaaaaaaaaabfLynEveLeeLyn
aaaaaaaaaaaaaaaaabgEveLeeLynEveLee
aaaaaaaaaaaaaaaaabhLynLeeEve
aaaaaaaaaaaaaaaaabiLynLeeEveLynLee
aaaaaaaaaaaaaaaaabjLeeLynEve
aaaaaaaaaaaaaaaaabkLeeLynEveLee
aaaaaaaaaaaaaaaaablEveLynLeeEveLyn
aaaaaaaaaaaaaaaaabmLeeEveLynLee
aaaaaaaaaaaaaaaaabnEveLynLee
aaaaaaaaaaaaaaaaaboLynLeeEveLynLee
aaaaaaaaaaaaaaaaabpEveLeeLyn
aaaaaaaaaaaaaaaaabqEveLeeLynEveLee
aaaaaaaaaaaaaaaaabrLynLeeEveLyn
aaaaaaaaaaaaaaaaabsLeeEveLynLee
aaaaaaaaaaaaaaaaabtLynLeeEve
aaaaaaaaaaaaaaaaabuLynLeeEveLynLee
aaaaaaaaaaaaaaaaabvEveLeeLynEve
aaaaaaaaaaaaaaaaabwLeeLynEveLee
aaaaaaaaaaaaaaaaabxLynEveLeeLyn
aaaaaaaaaaaaaaaaabyLeeLynEveLee
aaaaaaaaaaaaaaaaabzLynEveLee
aaaaaaaaaaaaaaaaacaEveLynLeeEveLynLee
aaaaaaaaaaaaaaaaacbLeeEveLyn
aaaaaaaaaaaaaaaaaccLeeEveLynLee
aaaaaaaaaaaaaaaaacdLynLeeEveLyn
No cat found.
aaaaaaaaaaaaaaaaacfEveLynLeeEve
aaaaaaaaaaaaaaaaacgLynLeeEveLyn
aaaaaaaaaaaaaaaaachEveLeeLyn
aaaaaaaaaaaaaaaaaciLeeLynEve
aaaaaaaaaaaaaaaaacjLynEveLeeLyn
aaaaaaaaaaaaaaaaackEveLeeLynEve
aaaaaaaaaaaaaaaaaclLynLeeEve
aaaaaaaaaaaaaaaaacmLynLeeEveLyn
aaaaaaaaaaaaaaaaacnLeeLynEve
aaaaaaaaaaaaaaaaacoLeeLynEve
aaaaaaaaaaaaaaaaacpEveLynLeeEveLyn
aaaaaaaaaaaaaaaaacqLeeEveLyn
aaaaaaaaaaaaaaaaacrEveLynLee
aaaaaaaaaaaaaaaaacsLynLeeEveLyn
aaaaaaaaaaaaaaaaactEveLeeLyn
aaaaaaaaaaaaaaaaacuEveLeeLynEve
aaaaaaaaaaaaaaaaacvLynLeeEveLyn
aaaaaaaaaaaaaaaaacwLeeEveLyn
aaaaaaaaaaaaaaaaacxLynLeeEve
aaaaaaaaaaaaaaaaacyLynLeeEveLyn
aaaaaaaaaaaaaaaaaczEveLeeLynEve
aaaaaaaaaaaaaaaaadaLeeLynEve
aaaaaaaaaaaaaaaaadbLynEveLeeLyn
aaaaaaaaaaaaaaaaadcLeeLynEve
aaaaaaaaaaaaaaaaaddLynEveLee
aaaaaaaaaaaaaaaaadeEveLynLeeEveLyn
aaaaaaaaaaaaaaaaadfLeeLyn
aaaaaaaaaaaaaaaaadgLeeEveLyn
No cat found.
aaaaaaaaaaaaaaaaadiLeeEveLyn
aaaaaaaaaaaaaaaaadjEveLynLeeEve
aaaaaaaaaaaaaaaaadkLynLeeEve
aaaaaaaaaaaaaaaaadlEveLeeLyn
aaaaaaaaaaaaaaaaadmLeeLynEve
aaaaaaaaaaaaaaaaadnLynEveLee
aaaaaaaaaaaaaaaaadoEveLeeLynEve
aaaaaaaaaaaaaaaaadpLynEveLee
aaaaaaaaaaaaaaaaadqLynLeeEve
aaaaaaaaaaaaaaaaadrLeeLynEve
aaaaaaaaaaaaaaaaadsLeeLynEve
aaaaaaaaaaaaaaaaadtEveLynLeeEve
aaaaaaaaaaaaaaaaaduLeeEveLyn
aaaaaaaaaaaaaaaaadvEveLynLee
aaaaaaaaaaaaaaaaadwLynLeeEve
aaaaaaaaaaaaaaaaadxEveLeeLyn
aaaaaaaaaaaaaaaaadyEveLeeLynEve
aaaaaaaaaaaaaaaaadzLynEveLee
aaaaaaaaaaaaaaaaaeaLeeEveLyn
aaaaaaaaaaaaaaaaaebLynLeeEve
aaaaaaaaaaaaaaaaaecLynLeeEve
aaaaaaaaaaaaaaaaaedEveLeeLynEve
aaaaaaaaaaaaaaaaaeeLeeLynEve
aaaaaaaaaaaaaaaaaefLynEveLee
aaaaaaaaaaaaaaaaaegLeeLynEve
aaaaaaaaaaaaaaaaaehLynEveLee
aaaaaaaaaaaaaaaaaeiEveLynLeeEve
aaaaaaaaaaaaaaaaaejEveLeeLyn
aaaaaaaaaaaaaaaaaekLeeEveLyn
aaaaaaaaaaaaaaaaaelLynLeeEve
aaaaaaaaaaaaaaaaaemLeeEveLyn
aaaaaaaaaaaaaaaaaenEveLynLeeEve
aaaaaaaaaaaaaaaaaeoLynLeeEve
aaaaaaaaaaaaaaaaaepEveLeeLyn
aaaaaaaaaaaaaaaaaeqLeeLynEve
aaaaaaaaaaaaaaaaaerLynEveLee
aaaaaaaaaaaaaaaaaesEveLeeLynEve
aaaaaaaaaaaaaaaaaetLynEveLee
aaaaaaaaaaaaaaaaaeuLynLeeEve
aaaaaaaaaaaaaaaaaevLeeLynEve
aaaaaaaaaaaaaaaaaewLeeLyn
aaaaaaaaaaaaaaaaaexEveLynLeeEve
aaaaaaaaaaaaaaaaaeyLeeEveLyn
aaaaaaaaaaaaaaaaaezEveLynLee
aaaaaaaaaaaaaaaaafaLynLeeEve
aaaaaaaaaaaaaaaaafbEveLeeLyn
aaaaaaaaaaaaaaaaafcEveLeeLynEve
aaaaaaaaaaaaaaaaafdLynEveLee
aaaaaaaaaaaaaaaaafeLeeEveLyn
aaaaaaaaaaaaaaaaaffLynLeeEve
aaaaaaaaaaaaaaaaafgLynLeeEve
aaaaaaaaaaaaaaaaafhEveLeeLynEve
aaaaaaaaaaaaaaaaafiLeeLynEve
aaaaaaaaaaaaaaaaafjLynEveLee
aaaaaaaaaaaaaaaaafkLeeLynEve
aaaaaaaaaaaaaaaaaflEveLynLee
No cat found.
aaaaaaaaaaaaaaaaafnEveLeeLyn
aaaaaaaaaaaaaaaaafoLeeEveLyn
aaaaaaaaaaaaaaaaafpLynLeeEve
aaaaaaaaaaaaaaaaafqLeeEveLyn
aaaaaaaaaaaaaaaaafrEveLynLee
aaaaaaaaaaaaaaaaafsLynLeeEve
aaaaaaaaaaaaaaaaaftEveLeeLyn
aaaaaaaaaaaaaaaaafuLeeLynEve
aaaaaaaaaaaaaaaaafvLynEveLee
aaaaaaaaaaaaaaaaafwEveLeeLyn
aaaaaaaaaaaaaaaaafxLynEveLee
aaaaaaaaaaaaaaaaafyLynLeeEve
aaaaaaaaaaaaaaaaafzLeeLynEve
aaaaaaaaaaaaaaaaagaLeeEveLyn
aaaaaaaaaaaaaaaaagbEveLynLee
aaaaaaaaaaaaaaaaagcLeeEveLyn
aaaaaaaaaaaaaaaaagdEveLynLee
aaaaaaaaaaaaaaaaageLynLeeEve
aaaaaaaaaaaaaaaaagfEveLeeLyn
aaaaaaaaaaaaaaaaaggEveLeeLyn
aaaaaaaaaaaaaaaaaghLynEveLee
aaaaaaaaaaaaaaaaagiLeeEveLyn
aaaaaaaaaaaaaaaaagjLynLeeEve
aaaaaaaaaaaaaaaaagkLynLeeEve
aaaaaaaaaaaaaaaaaglEveLeeLyn
aaaaaaaaaaaaaaaaagmLeeLynEve
aaaaaaaaaaaaaaaaagnLynEveLee
aaaaaaaaaaaaaaaaagoLeeLynEve
aaaaaaaaaaaaaaaaagpEveLynLee
aaaaaaaaaaaaaaaaagqEveLynLee
aaaaaaaaaaaaaaaaagrEveLeeLyn
aaaaaaaaaaaaaaaaagsEveLeeLyn
aaaaaaaaaaaaaaaaagtLynLeeEve
aaaaaaaaaaaaaaaaaguLeeEveLyn
aaaaaaaaaaaaaaaaagvEveLynLee
aaaaaaaaaaaaaaaaagwLynLeeEve
aaaaaaaaaaaaaaaaagxEveLeeLyn
aaaaaaaaaaaaaaaaagyLeeLynEve
aaaaaaaaaaaaaaaaagzLynEveLee
aaaaaaaaaaaaaaaaahaEveLeeLyn
aaaaaaaaaaaaaaaaahbLynEveLee
aaaaaaaaaaaaaaaaahcLynEveLee
aaaaaaaaaaaaaaaaahdLeeLynEve
aaaaaaaaaaaaaaaaaheLeeEveLyn
aaaaaaaaaaaaaaaaahfEveLynLee
aaaaaaaaaaaaaaaaahgLeeEveLyn
aaaaaaaaaaaaaaaaahhEveLynLee
aaaaaaaaaaaaaaaaahiLynLeeEve
aaaaaaaaaaaaaaaaahjEveLeeLyn
aaaaaaaaaaaaaaaaahkEveLeeLyn
aaaaaaaaaaaaaaaaahlLynEveLee
aaaaaaaaaaaaaaaaahmEveLeeLyn
aaaaaaaaaaaaaaaaahnLynLeeEve
aaaaaaaaaaaaaaaaahoLynLeeEve
aaaaaaaaaaaaaaaaahpEveLeeLyn
aaaaaaaaaaaaaaaaahqLeeLynEve
aaaaaaaaaaaaaaaaahrLynEveLee
aaaaaaaaaaaaaaaaahsLeeLynEve
aaaaaaaaaaaaaaaaahtEveLynLee
aaaaaaaaaaaaaaaaahuEveLynLee
aaaaaaaaaaaaaaaaahvEveLeeLyn
aaaaaaaaaaaaaaaaahwEveLeeLyn
aaaaaaaaaaaaaaaaahxLynLeeEve
aaaaaaaaaaaaaaaaahyLeeEveLyn
aaaaaaaaaaaaaaaaahzEveLynLee
aaaaaaaaaaaaaaaaaiaLynLeeEve
aaaaaaaaaaaaaaaaaibEveLeeLyn
aaaaaaaaaaaaaaaaaicLeeLynEve
aaaaaaaaaaaaaaaaaidLynEveLee
aaaaaaaaaaaaaaaaaieEveLeeLyn
aaaaaaaaaaaaaaaaaifLynEveLee
aaaaaaaaaaaaaaaaaigLynEveLee
aaaaaaaaaaaaaaaaaihLeeLynEve
aaaaaaaaaaaaaaaaaiiLeeEveLyn
aaaaaaaaaaaaaaaaaijEveLynLee
aaaaaaaaaaaaaaaaaikLeeEveLyn
aaaaaaaaaaaaaaaaailEveLynLee
aaaaaaaaaaaaaaaaaimLynLeeEve
aaaaaaaaaaaaaaaaainEveLeeLyn
aaaaaaaaaaaaaaaaaioEveLeeLyn
aaaaaaaaaaaaaaaaaipLynEveLee
aaaaaaaaaaaaaaaaaiqEveLeeLyn
aaaaaaaaaaaaaaaaairLynLeeEve
aaaaaaaaaaaaaaaaaisLynLeeEve
aaaaaaaaaaaaaaaaaitEveLeeLyn
aaaaaaaaaaaaaaaaaiuLeeLynEve
aaaaaaaaaaaaaaaaaivLynEveLee
aaaaaaaaaaaaaaaaaiwLeeLynEve
aaaaaaaaaaaaaaaaaixEveLynLee
aaaaaaaaaaaaaaaaaiyEveLynLee
aaaaaaaaaaaaaaaaaizEveLeeLyn
aaaaaaaaaaaaaaaaajaEveLeeLyn
aaaaaaaaaaaaaaaaajbLynLeeEve
aaaaaaaaaaaaaaaaajcLeeEveLyn
aaaaaaaaaaaaaaaaajdEveLynLee
aaaaaaaaaaaaaaaaajeLynLeeEve
aaaaaaaaaaaaaaaaajfEveLeeLyn
aaaaaaaaaaaaaaaaajgLeeLynEve
aaaaaaaaaaaaaaaaajhLynEveLee
aaaaaaaaaaaaaaaaajiEveLeeLyn
aaaaaaaaaaaaaaaaajjLynEveLee
aaaaaaaaaaaaaaaaajkLynEveLee
aaaaaaaaaaaaaaaaajlLeeLynEve
aaaaaaaaaaaaaaaaajmLeeEveLyn
aaaaaaaaaaaaaaaaajnEveLynLee
aaaaaaaaaaaaaaaaajoLeeEveLyn
aaaaaaaaaaaaaaaaajpEveLynLee
aaaaaaaaaaaaaaaaajqLynLeeEve
aaaaaaaaaaaaaaaaajrEveLee
aaaaaaaaaaaaaaaaajsEveLeeLyn
