aaaaaaaaaaaaaaaaaaaLee
aaaaaaaaaaaaaaaaaabLynEve
aaaaaaaaaaaaaaaaaacEve
aaaaaaaaaaaaaaaaaad
aaaaaaaaaaaaaaaaaaeLyn
aaaaaaaaaaaaaaaaaaf
aaaaaaaaaaaaaaaaaagLeeEve
aaaaaaaaaaaaaaaaaahEve
aaaaaaaaaaaaaaaaaaiLee
aaaaaaaaaaaaaaaaaaj
aaaaaaaaaaaaaaaaaakLynLee
aaaaaaaaaaaaaaaaaalEve
aaaaaaaaaaaaaaaaaamEveLee
aaaaaaaaaaaaaaaaaanLyn
aaaaaaaaaaaaaaaaaaoLee
aaaaaaaaaaaaaaaaaap
aaaaaaaaaaaaaaaaaaqLynLeeEve
aaaaaaaaaaaaaaaaaarEve
aaaaaaaaaaaaaaaaaasLee
aaaaaaaaaaaaaaaaaatLyn
aaaaaaaaaaaaaaaaaauLee
No cat found.
aaaaaaaaaaaaaaaaaawEveLynLee
aaaaaaaaaaaaaaaaaax
aaaaaaaaaaaaaaaaaayLee
aaaaaaaaaaaaaaaaaazLyn
aaaaaaaaaaaaaaaaabaLee
aaaaaaaaaaaaaaaaabbEve
aaaaaaaaaaaaaaaaabcLynLee
aaaaaaaaaaaaaaaaabd
aaaaaaaaaaaaaaaaabeLee
aaaaaaaaaaaaaaaaabfLyn
aaaaaaaaaaaaaaaaabgEveLee
aaaaaaaaaaaaaaaaabh
aaaaaaaaaaaaaaaaabiLynLee
aaaaaaaaaaaaaaaaabj
aaaaaaaaaaaaaaaaabkLee
aaaaaaaaaaaaaaaaablEveLyn
aaaaaaaaaaaaaaaaabmLee
aaaaaaaaaaaaaaaaabn
aaaaaaaaaaaaaaaaaboLynLee
aaaaaaaaaaaaaaaaabp
aaaaaaaaaaaaaaaaabqEveLee
aaaaaaaaaaaaaaaaabrLyn
aaaaaaaaaaaaaaaaabsLee
aaaaaaaaaaaaaaaaabt
aaaaaaaaaaaaaaaaabuLynLee
aaaaaaaaaaaaaaaaabvEve
aaaaaaaaaaaaaaaaabwLee
aaaaaaaaaaaaaaaaabxLyn
aaaaaaaaaaaaaaaaabyLee
aaaaaaaaaaaaaaaaabz
aaaaaaaaaaaaaaaaacaEveLynLee
aaaaaaaaaaaaaaaaacb
aaaaaaaaaaaaaaaaaccLee
aaaaaaaaaaaaaaaaacdLyn
aaaaaaaaaaaaaaaaaceLee
aaaaaaaaaaaaaaaaacfEve
aaaaaaaaaaaaaaaaacgLynLee
aaaaaaaaaaaaaaaaach
aaaaaaaaaaaaaaaaaciLee
aaaaaaaaaaaaaaaaacjLyn
aaaaaaaaaaaaaaaaackEveLee
aaaaaaaaaaaaaaaaacl
aaaaaaaaaaaaaaaaacmLynLee
aaaaaaaaaaaaaaaaacn
aaaaaaaaaaaaaaaaacoLee
aaaaaaaaaaaaaaaaacpEveLyn
aaaaaaaaaaaaaaaaacqLee
aaaaaaaaaaaaaaaaacr
aaaaaaaaaaaaaaaaacsLynLee
aaaaaaaaaaaaaaaaact
aaaaaaaaaaaaaaaaacuEveLee
aaaaaaaaaaaaaaaaacvLyn
aaaaaaaaaaaaaaaaacwLee
aaaaaaaaaaaaaaaaacx
aaaaaaaaaaaaaaaaacyLynLee
aaaaaaaaaaaaaaaaaczEve
aaaaaaaaaaaaaaaaadaLee
aaaaaaaaaaaaaaaaadbLyn
aaaaaaaaaaaaaaaaadcLee
aaaaaaaaaaaaaaaaadd
aaaaaaaaaaaaaaaaadeEveLynLee
aaaaaaaaaaaaaaaaadf
aaaaaaaaaaaaaaaaadgLee
aaaaaaaaaaaaaaaaadhLyn
aaaaaaaaaaaaaaaaadiLee
aaaaaaaaaaaaaaaaadjEve
aaaaaaaaaaaaaaaaadkLynLee
aaaaaaaaaaaaaaaaadl
aaaaaaaaaaaaaaaaadmLee
aaaaaaaaaaaaaaaaadnLyn
aaaaaaaaaaaaaaaaadoEveLee
aaaaaaaaaaaaaaaaadp
aaaaaaaaaaaaaaaaadqLynLee
aaaaaaaaaaaaaaaaadr
aaaaaaaaaaaaaaaaadsLee
aaaaaaaaaaaaaaaaadtEveLyn
aaaaaaaaaaaaaaaaaduLee
aaaaaaaaaaaaaaaaadv
aaaaaaaaaaaaaaaaadwLynLee
aaaaaaaaaaaaaaaaadx
aaaaaaaaaaaaaaaaadyEveLee
aaaaaaaaaaaaaaaaadzLyn
aaaaaaaaaaaaaaaaaeaLee
aaaaaaaaaaaaaaaaaeb
aaaaaaaaaaaaaaaaaecLynLee
aaaaaaaaaaaaaaaaaedEve
aaaaaaaaaaaaaaaaaeeLee
aaaaaaaaaaaaaaaaaefLyn
aaaaaaaaaaaaaaaaaegLee
aaaaaaaaaaaaaaaaaeh
aaaaaaaaaaaaaaaaaeiEveLynLee
aaaaaaaaaaaaaaaaaej
aaaaaaaaaaaaaaaaaekLee
aaaaaaaaaaaaaaaaaelLyn
aaaaaaaaaaaaaaaaaemLee
aaaaaaaaaaaaaaaaaenEve
aaaaaaaaaaaaaaaaaeoLynLee
aaaaaaaaaaaaaaaaaep
aaaaaaaaaaaaaaaaaeqLee
aaaaaaaaaaaaaaaaaerLyn
aaaaaaaaaaaaaaaaaesEveLee
aaaaaaaaaaaaaaaaaet
aaaaaaaaaaaaaaaaaeuLynLee
aaaaaaaaaaaaaaaaaev
aaaaaaaaaaaaaaaaaewLee
aaaaaaaaaaaaaaaaaexEveLyn
aaaaaaaaaaaaaaaaaeyLee
aaaaaaaaaaaaaaaaaez
aaaaaaaaaaaaaaaaafaLynLee
aaaaaaaaaaaaaaaaafb
aaaaaaaaaaaaaaaaafcEveLee
aaaaaaaaaaaaaaaaafdLyn
aaaaaaaaaaaaaaaaafeLee
aaaaaaaaaaaaaaaaaff
aaaaaaaaaaaaaaaaafgLynLee
aaaaaaaaaaaaaaaaafhEve
aaaaaaaaaaaaaaaaafiLee
aaaaaaaaaaaaaaaaafjLyn
aaaaaaaaaaaaaaaaafkLee
aaaaaaaaaaaaaaaaafl
aaaaaaaaaaaaaaaaafmEveLynLee
aaaaaaaaaaaaaaaaafn
aaaaaaaaaaaaaaaaafoLee
aaaaaaaaaaaaaaaaafpLyn
aaaaaaaaaaaaaaaaafqLee
aaaaaaaaaaaaaaaaafrEve
aaaaaaaaaaaaaaaaafsLynLee
aaaaaaaaaaaaaaaaaft
aaaaaaaaaaaaaaaaafuLee
aaaaaaaaaaaaaaaaafvLyn
aaaaaaaaaaaaaaaaafwEveLee
aaaaaaaaaaaaaaaaafx
aaaaaaaaaaaaaaaaafyLynLee
aaaaaaaaaaaaaaaaafz
aaaaaaaaaaaaaaaaagaLee
aaaaaaaaaaaaaaaaagbEveLyn
aaaaaaaaaaaaaaaaagcLee
aaaaaaaaaaaaaaaaagd
aaaaaaaaaaaaaaaaageLynLee
aaaaaaaaaaaaaaaaagf
aaaaaaaaaaaaaaaaaggEveLee
aaaaaaaaaaaaaaaaaghLyn
aaaaaaaaaaaaaaaaagiLee
aaaaaaaaaaaaaaaaagj
aaaaaaaaaaaaaaaaagkLynLee
aaaaaaaaaaaaaaaaaglEve
aaaaaaaaaaaaaaaaagmLee
aaaaaaaaaaaaaaaaagnLyn
aaaaaaaaaaaaaaaaagoLee
aaaaaaaaaaaaaaaaagp
aaaaaaaaaaaaaaaaagqEveLynLee
aaaaaaaaaaaaaaaaagr
aaaaaaaaaaaaaaaaagsLee
aaaaaaaaaaaaaaaaagtLyn
aaaaaaaaaaaaaaaaaguLee
aaaaaaaaaaaaaaaaagvEve
aaaaaaaaaaaaaaaaagwLynLee
aaaaaaaaaaaaaaaaagx
aaaaaaaaaaaaaaaaagyLee
aaaaaaaaaaaaaaaaagzLyn
aaaaaaaaaaaaaaaaahaEveLee
aaaaaaaaaaaaaaaaahb
aaaaaaaaaaaaaaaaahcLynLee
aaaaaaaaaaaaaaaaahd
aaaaaaaaaaaaaaaaaheLee
aaaaaaaaaaaaaaaaahfEveLyn
No cat found.
aaaaaaaaaaaaaaaaahh
aaaaaaaaaaaaaaaaahiLyn
aaaaaaaaaaaaaaaaahj
aaaaaaaaaaaaaaaaahkEve
aaaaaaaaaaaaaaaaahlLyn
aaaaaaaaaaaaaaaaahm
aaaaaaaaaaaaaaaaahn
aaaaaaaaaaaaaaaaahoLyn
aaaaaaaaaaaaaaaaahpEve
aaaaaaaaaaaaaaaaahq
aaaaaaaaaaaaaaaaahrLyn
aaaaaaaaaaaaaaaaahs
aaaaaaaaaaaaaaaaaht
aaaaaaaaaaaaaaaaahuEveLyn
aaaaaaaaaaaaaaaaahv
aaaaaaaaaaaaaaaaahw
aaaaaaaaaaaaaaaaahxLyn
aaaaaaaaaaaaaaaaahy
aaaaaaaaaaaaaaaaahzEve
aaaaaaaaaaaaaaaaaiaLyn
aaaaaaaaaaaaaaaaaib
aaaaaaaaaaaaaaaaaic
aaaaaaaaaaaaaaaaaidLyn
aaaaaaaaaaaaaaaaaieEve
aaaaaaaaaaaaaaaaaif
aaaaaaaaaaaaaaaaaigLyn
aaaaaaaaaaaaaaaaaih
aaaaaaaaaaaaaaaaaii
aaaaaaaaaaaaaaaaaijEveLyn
aaaaaaaaaaaaaaaaaik
aaaaaaaaaaaaaaaaail
aaaaaaaaaaaaaaaaaimLyn
aaaaaaaaaaaaaaaaain
aaaaaaaaaaaaaaaaaioEve
aaaaaaaaaaaaaaaaaipLyn
aaaaaaaaaaaaaaaaaiq
aaaaaaaaaaaaaaaaair
aaaaaaaaaaaaaaaaaisLyn
aaaaaaaaaaaaaaaaaitEve
aaaaaaaaaaaaaaaaaiu
aaaaaaaaaaaaaaaaaivLyn
aaaaaaaaaaaaaaaaaiw
aaaaaaaaaaaaaaaaaix
aaaaaaaaaaaaaaaaaiyEveLyn
aaaaaaaaaaaaaaaaaiz
aaaaaaaaaaaaaaaaaja
aaaaaaaaaaaaaaaaajbLyn
aaaaaaaaaaaaaaaaajc
aaaaaaaaaaaaaaaaajdEve
aaaaaaaaaaaaaaaaajeLyn
aaaaaaaaaaaaaaaaajf
aaaaaaaaaaaaaaaaajg
aaaaaaaaaaaaaaaaajhLyn
aaaaaaaaaaaaaaaaajiEve
aaaaaaaaaaaaaaaaajj
aaaaaaaaaaaaaaaaajkLyn
aaaaaaaaaaaaaaaaajl
aaaaaaaaaaaaaaaaajm
aaaaaaaaaaaaaaaaajnEveLyn
aaaaaaaaaaaaaaaaajo
aaaaaaaaaaaaaaaaajp
aaaaaaaaaaaaaaaaajqLyn
aaaaaaaaaaaaaaaaajr
aaaaaaaaaaaaaaaaajsEve
aaaaaaaaaaaaaaaaajtLyn
aaaaaaaaaaaaaaaaaju
aaaaaaaaaaaaaaaaajv
aaaaaaaaaaaaaaaaajwLyn
aaaaaaaaaaaaaaaaajxEve
aaaaaaaaaaaaaaaaajy
aaaaaaaaaaaaaaaaajzLyn
aaaaaaaaaaaaaaaaaka
aaaaaaaaaaaaaaaaakb
aaaaaaaaaaaaaaaaakcEveLyn
aaaaaaaaaaaaaaaaakd
aaaaaaaaaaaaaaaaake
aaaaaaaaaaaaaaaaakfLyn
aaaaaaaaaaaaaaaaakg
aaaaaaaaaaaaaaaaakhEve
aaaaaaaaaaaaaaaaakiLyn
aaaaaaaaaaaaaaaaakj
aaaaaaaaaaaaaaaaakk
aaaaaaaaaaaaaaaaaklLyn
aaaaaaaaaaaaaaaaakmEve
aaaaaaaaaaaaaaaaakn
aaaaaaaaaaaaaaaaakoLyn
aaaaaaaaaaaaaaaaakp
aaaaaaaaaaaaaaaaakq
aaaaaaaaaaaaaaaaakrEveLyn
aaaaaaaaaaaaaaaaaks
aaaaaaaaaaaaaaaaakt
aaaaaaaaaaaaaaaaakuLyn
aaaaaaaaaaaaaaaaakv
aaaaaaaaaaaaaaaaakwEve
No cat found.
aaaaaaaaaaaaaaaaaky
aaaaaaaaaaaaaaaaakz
aaaaaaaaaaaaaaaaala
aaaaaaaaaaaaaaaaalbEve
aaaaaaaaaaaaaaaaalc
aaaaaaaaaaaaaaaaald
aaaaaaaaaaaaaaaaale
aaaaaaaaaaaaaaaaalf
aaaaaaaaaaaaaaaaalgEve
aaaaaaaaaaaaaaaaalh
aaaaaaaaaaaaaaaaali
aaaaaaaaaaaaaaaaalj
aaaaaaaaaaaaaaaaalk
aaaaaaaaaaaaaaaaallEve
aaaaaaaaaaaaaaaaalm
aaaaaaaaaaaaaaaaaln
aaaaaaaaaaaaaaaaalo
aaaaaaaaaaaaaaaaalp
aaaaaaaaaaaaaaaaalqEve
aaaaaaaaaaaaaaaaalr
aaaaaaaaaaaaaaaaals
aaaaaaaaaaaaaaaaalt
aaaaaaaaaaaaaaaaalu
aaaaaaaaaaaaaaaaalvEve
aaaaaaaaaaaaaaaaalw
aaaaaaaaaaaaaaaaalx
aaaaaaaaaaaaaaaaaly
aaaaaaaaaaaaaaaaalz
aaaaaaaaaaaaaaaaamaEve
aaaaaaaaaaaaaaaaamb
aaaaaaaaaaaaaaaaamc
aaaaaaaaaaaaaaaaamd
aaaaaaaaaaaaaaaaame
aaaaaaaaaaaaaaaaamfEve
aaaaaaaaaaaaaaaaamg
aaaaaaaaaaaaaaaaamh
aaaaaaaaaaaaaaaaami
aaaaaaaaaaaaaaaaamj
aaaaaaaaaaaaaaaaamkEve
aaaaaaaaaaaaaaaaaml
aaaaaaaaaaaaaaaaamm
aaaaaaaaaaaaaaaaamn
aaaaaaaaaaaaaaaaamo
aaaaaaaaaaaaaaaaampEve
aaaaaaaaaaaaaaaaamq
aaaaaaaaaaaaaaaaamr
aaaaaaaaaaaaaaaaams
aaaaaaaaaaaaaaaaamt
aaaaaaaaaaaaaaaaamuEve
aaaaaaaaaaaaaaaaamv
aaaaaaaaaaaaaaaaamw
aaaaaaaaaaaaaaaaamx
aaaaaaaaaaaaaaaaamy
aaaaaaaaaaaaaaaaamzEve
aaaaaaaaaaaaaaaaana
aaaaaaaaaaaaaaaaanb
aaaaaaaaaaaaaaaaanc
aaaaaaaaaaaaaaaaand
aaaaaaaaaaaaaaaaaneEve
aaaaaaaaaaaaaaaaanf
aaaaaaaaaaaaaaaaang
aaaaaaaaaaaaaaaaanh
aaaaaaaaaaaaaaaaani
aaaaaaaaaaaaaaaaanjEve
aaaaaaaaaaaaaaaaank
aaaaaaaaaaaaaaaaanl
aaaaaaaaaaaaaaaaanm
aaaaaaaaaaaaaaaaann
aaaaaaaaaaaaaaaaanoEve
aaaaaaaaaaaaaaaaanp
aaaaaaaaaaaaaaaaanq
aaaaaaaaaaaaaaaaanr
aaaaaaaaaaaaaaaaans
aaaaaaaaaaaaaaaaantEve
aaaaaaaaaaaaaaaaanu
aaaaaaaaaaaaaaaaanv
aaaaaaaaaaaaaaaaanw
aaaaaaaaaaaaaaaaanx
aaaaaaaaaaaaaaaaanyEve
aaaaaaaaaaaaaaaaanz
aaaaaaaaaaaaaaaaaoa
aaaaaaaaaaaaaaaaaob
aaaaaaaaaaaaaaaaaoc
aaaaaaaaaaaaaaaaaodEve
aaaaaaaaaaaaaaaaaoe
aaaaaaaaaaaaaaaaaof
aaaaaaaaaaaaaaaaaog
aaaaaaaaaaaaaaaaaoh
aaaaaaaaaaaaaaaaaoiEve
aaaaaaaaaaaaaaaaaoj
aaaaaaaaaaaaaaaaaok
aaaaaaaaaaaaaaaaaol
aaaaaaaaaaaaaaaaaom
aaaaaaaaaaaaaaaaaonEve
aaaaaaaaaaaaaaaaaoo
aaaaaaaaaaaaaaaaaop
aaaaaaaaaaaaaaaaaoq
aaaaaaaaaaaaaaaaaor
aaaaaaaaaaaaaaaaaosEve
aaaaaaaaaaaaaaaaaot
aaaaaaaaaaaaaaaaaou
aaaaaaaaaaaaaaaaaov
aaaaaaaaaaaaaaaaaow
aaaaaaaaaaaaaaaaaoxEve
aaaaaaaaaaaaaaaaaoy
aaaaaaaaaaaaaaaaaoz
aaaaaaaaaaaaaaaaapa
aaaaaaaaaaaaaaaaapb
aaaaaaaaaaaaaaaaapcEve
aaaaaaaaaaaaaaaaapd
aaaaaaaaaaaaaaaaape
aaaaaaaaaaaaaaaaapf
aaaaaaaaaaaaaaaaapg
aaaaaaaaaaaaaaaaaphEve
aaaaaaaaaaaaaaaaapi
aaaaaaaaaaaaaaaaapj
aaaaaaaaaaaaaaaaapk
aaaaaaaaaaaaaaaaapl
aaaaaaaaaaaaaaaaapmEve
aaaaaaaaaaaaaaaaapn
aaaaaaaaaaaaaaaaapo
aaaaaaaaaaaaaaaaapp
aaaaaaaaaaaaaaaaapq
aaaaaaaaaaaaaaaaaprEve
aaaaaaaaaaaaaaaaaps
aaaaaaaaaaaaaaaaapt
aaaaaaaaaaaaaaaaapu
aaaaaaaaaaaaaaaaapv
aaaaaaaaaaaaaaaaapwEve
aaaaaaaaaaaaaaaaapx
aaaaaaaaaaaaaaaaapy
aaaaaaaaaaaaaaaaapz
aaaaaaaaaaaaaaaaaqa
aaaaaaaaaaaaaaaaaqbEve
aaaaaaaaaaaaaaaaaqc
aaaaaaaaaaaaaaaaaqd
aaaaaaaaaaaaaaaaaqe
aaaaaaaaaaaaaaaaaqf
aaaaaaaaaaaaaaaaaqgEve
aaaaaaaaaaaaaaaaaqh
aaaaaaaaaaaaaaaaaqi
aaaaaaaaaaaaaaaaaqj
aaaaaaaaaaaaaaaaaqk
aaaaaaaaaaaaaaaaaqlEve
aaaaaaaaaaaaaaaaaqm
aaaaaaaaaaaaaaaaaqn
aaaaaaaaaaaaaaaaaqo
aaaaaaaaaaaaaaaaaqp
aaaaaaaaaaaaaaaaaqqEve
aaaaaaaaaaaaaaaaaqr
aaaaaaaaaaaaaaaaaqs
aaaaaaaaaaaaaaaaaqt
aaaaaaaaaaaaaaaaaqu
aaaaaaaaaaaaaaaaaqvEve
aaaaaaaaaaaaaaaaaqw
aaaaaaaaaaaaaaaaaqx
aaaaaaaaaaaaaaaaaqy
aaaaaaaaaaaaaaaaaqz
aaaaaaaaaaaaaaaaaraEve
aaaaaaaaaaaaaaaaarb
aaaaaaaaaaaaaaaaarc
aaaaaaaaaaaaaaaaard
aaaaaaaaaaaaaaaaare
aaaaaaaaaaaaaaaaarfEve
aaaaaaaaaaaaaaaaarg
aaaaaaaaaaaaaaaaarh
aaaaaaaaaaaaaaaaari
