aaaaaaaaaaaaaaaaaaaLeeEveLeeLeeEveLeeLee
aaaaaaaaaaaaaaaaaabLynEveLynLynLynEveLynLynLyn
aaaaaaaaaaaaaaaaaacEveLeeEveLeeEve
aaaaaaaaaaaaaaaaaadEveEve
aaaaaaaaaaaaaaaaaaeLynLynLeeEveLynLynLynLeeEveLynLyn
aaaaaaaaaaaaaaaaaafEveEve
aaaaaaaaaaaaaaaaaagLeeEveLeeLeeEveLeeLee
aaaaaaaaaaaaaaaaaahEveLynLynEveLynLynEve
aaaaaaaaaaaaaaaaaaiLeeLeeEveLeeLeeEveLee
aaaaaaaaaaaaaaaaaajEveEve
aaaaaaaaaaaaaaaaaakLynLeeLynEveLeeLynLynLeeLynEveLeeLynLynLee
aaaaaaaaaaaaaaaaaalEveEve
aaaaaaaaaaaaaaaaaamEveLeeLeeEveLeeLeeEveLee
aaaaaaaaaaaaaaaaaanLynLynLynEveLynLynLynEveLyn
aaaaaaaaaaaaaaaaaaoLeeLeeEveLeeLeeEveLee
aaaaaaaaaaaaaaaaaapEveEve
aaaaaaaaaaaaaaaaaaqLynLeeEveLynLeeLynLynLeeEveLynLeeLynLynLee
aaaaaaaaaaaaaaaaaarEveEveEve
aaaaaaaaaaaaaaaaaasLeeLeeEveLeeLeeEveLee
aaaaaaaaaaaaaaaaaatLynLynEveLynLynLynEveLynLyn
aaaaaaaaaaaaaaaaaauLeeEveLeeLeeEveLeeLee
aaaaaaaaaaaaaaaaaavEveEve
aaaaaaaaaaaaaaaaaawEveLynLeeLynLeeLynEveLynLeeLynLeeLynEveLynLee
aaaaaaaaaaaaaaaaaaxEveEve
aaaaaaaaaaaaaaaaaayLeeLeeEveLeeLeeEveLee
aaaaaaaaaaaaaaaaaazLynLynEveLynLynLynEveLynLyn
aaaaaaaaaaaaaaaaabaLeeEveLeeLeeEveLeeLee
aaaaaaaaaaaaaaaaabbEveEveEve
aaaaaaaaaaaaaaaaabcLynLeeLynLeeLynEveLynLeeLynLeeLynEveLynLee
aaaaaaaaaaaaaaaaabdEveEve
aaaaaaaaaaaaaaaaabeLeeEveLeeLeeEveLeeLee
aaaaaaaaaaaaaaaaabfLynEveLynLynLynEveLynLynLyn
aaaaaaaaaaaaaaaaabgEveLeeLeeEveLeeLeeEveLee
aaaaaaaaaaaaaaaaabhEveEve
aaaaaaaaaaaaaaaaabiLynLeeLynLeeEveLynLynLeeLynLeeEveLynLynLee
aaaaaaaaaaaaaaaaabjEveEve
aaaaaaaaaaaaaaaaabkLeeEveLeeLeeEveLeeLee
aaaaaaaaaaaaaaaaablEveLynLynLynEveLynLynLynEveLyn
No cat found.
aaaaaaaaaaaaaaaaabnEveEve
aaaaaaaaaaaaaaaaaboLynLeeLynEveLeeLynLynLeeLynEveLeeLynLyn
aaaaaaaaaaaaaaaaabpEveEve
aaaaaaaaaaaaaaaaabqEveLeeLeeEveLeeLeeEve
aaaaaaaaaaaaaaaaabrLynLynLynEveLynLynLynEveLyn
aaaaaaaaaaaaaaaaabsLeeLeeEveLeeLeeEve
aaaaaaaaaaaaaaaaabtEveEve
aaaaaaaaaaaaaaaaabuLynLeeEveLynLeeLynLynLeeEveLynLeeLynLyn
aaaaaaaaaaaaaaaaabvEveEveEve
aaaaaaaaaaaaaaaaabwLeeLeeEveLeeLeeEve
aaaaaaaaaaaaaaaaabxLynLynEveLynLynLynEveLynLyn
aaaaaaaaaaaaaaaaabyLeeEveLeeLeeEveLee
aaaaaaaaaaaaaaaaabzEveEve
aaaaaaaaaaaaaaaaacaEveLynLeeLynLeeLynEveLynLeeLynLeeLynEveLyn
aaaaaaaaaaaaaaaaacbEveEve
aaaaaaaaaaaaaaaaaccLeeEveLeeEve
aaaaaaaaaaaaaaaaacdLynLynEveLynLynLynEveLynLyn
aaaaaaaaaaaaaaaaaceLeeEveLeeLeeEveLee
aaaaaaaaaaaaaaaaacfEveEveEve
No cat found.
aaaaaaaaaaaaaaaaachEveEve
aaaaaaaaaaaaaaaaaciLeeEveLeeLeeEveLee
aaaaaaaaaaaaaaaaacjLynEveLynLynLynEveLynLyn
aaaaaaaaaaaaaaaaackEveLeeLeeEveLeeLeeEve
aaaaaaaaaaaaaaaaaclEveEve
aaaaaaaaaaaaaaaaacmLynLeeLynEveLeeLynLynLeeLynEveLeeLyn
aaaaaaaaaaaaaaaaacnEveEve
aaaaaaaaaaaaaaaaacoLeeEveLeeLeeEveLee
aaaaaaaaaaaaaaaaacpEveLynLynLynEveLynLynLynEve
aaaaaaaaaaaaaaaaacqLeeLeeEveLeeLeeEve
aaaaaaaaaaaaaaaaacrEveEve
aaaaaaaaaaaaaaaaacsLynLeeLynEveLeeLynLynLeeLynEveLeeLyn
aaaaaaaaaaaaaaaaactEveEve
aaaaaaaaaaaaaaaaacuEveLeeLeeEveLeeLeeEve
aaaaaaaaaaaaaaaaacvLynLynLynEveLynLynLynEve
aaaaaaaaaaaaaaaaacwLeeEveLeeLeeEveLee
aaaaaaaaaaaaaaaaacxEveEve
aaaaaaaaaaaaaaaaacyLynLeeEveLynLeeLynLynLeeEveLynLeeLyn
aaaaaaaaaaaaaaaaaczEveEveEve
aaaaaaaaaaaaaaaaadaLeeLeeEveLeeLeeEve
aaaaaaaaaaaaaaaaadbLynLynEveLynLynLynEveLyn
aaaaaaaaaaaaaaaaadcLeeEveLeeLeeEveLee
aaaaaaaaaaaaaaaaaddEveEve
aaaaaaaaaaaaaaaaadeEveLynLeeLynLeeLynEveLynLeeLynLeeLynEve
aaaaaaaaaaaaaaaaadfEveEve
aaaaaaaaaaaaaaaaadgLeeEveLeeLeeEveLee
aaaaaaaaaaaaaaaaadhLynEveLynLynEveLyn
aaaaaaaaaaaaaaaaadiLeeEveLeeLeeEveLee
aaaaaaaaaaaaaaaaadjEveEveEve
aaaaaaaaaaaaaaaaadkLynLeeLynLeeLynEveLynLeeLynLeeLynEve
aaaaaaaaaaaaaaaaadlEveEve
aaaaaaaaaaaaaaaaadmLeeEveLeeLeeEveLee
aaaaaaaaaaaaaaaaadnLynEveLynLynLynEveLynLyn
aaaaaaaaaaaaaaaaadoEveLeeLeeEveLeeLeeEve
aaaaaaaaaaaaaaaaadpEveEve
aaaaaaaaaaaaaaaaadqLynLeeLynEveLeeLynLynLeeLynEveLeeLyn
aaaaaaaaaaaaaaaaadrEveEve
aaaaaaaaaaaaaaaaadsLeeEveLeeLeeEveLee
No cat found.
aaaaaaaaaaaaaaaaaduLeeLeeEveLeeLeeEve
aaaaaaaaaaaaaaaaadvEveEve
aaaaaaaaaaaaaaaaadwLynLeeEveLynLeeLynLynLeeEveLynLeeLyn
aaaaaaaaaaaaaaaaadxEveEve
aaaaaaaaaaaaaaaaadyEveLeeLeeEveLeeLee
aaaaaaaaaaaaaaaaadzLynLynLynEveLynLynLynEve
aaaaaaaaaaaaaaaaaeaLeeEveLeeLeeEveLee
aaaaaaaaaaaaaaaaaebEveEve
aaaaaaaaaaaaaaaaaecLynEveLynLeeLynLynEveLynLeeLyn
aaaaaaaaaaaaaaaaaedEveEve
aaaaaaaaaaaaaaaaaeeLeeLeeEveLeeLeeEve
aaaaaaaaaaaaaaaaaefLynLynEveLynLynLynEveLyn
aaaaaaaaaaaaaaaaaegLeeEveLeeLeeEveLee
aaaaaaaaaaaaaaaaaehEveEve
aaaaaaaaaaaaaaaaaeiEveLynLeeLynLeeLynEveLynLeeLynLeeLyn
aaaaaaaaaaaaaaaaaejEveEve
aaaaaaaaaaaaaaaaaekLeeEveLeeLeeEveLee
aaaaaaaaaaaaaaaaaelLynEveLynLynLynEveLynLyn
aaaaaaaaaaaaaaaaaemEveLeeLeeEveLeeLee
aaaaaaaaaaaaaaaaaenEveEve
aaaaaaaaaaaaaaaaaeoLynLeeLynLeeLynEveLynLeeLynLeeLynEve
aaaaaaaaaaaaaaaaaepEveEve
aaaaaaaaaaaaaaaaaeqLeeEveLeeLeeEveLee
aaaaaaaaaaaaaaaaaerLynEveLynLynLynEveLynLyn
aaaaaaaaaaaaaaaaaesEveLeeLeeEveLeeLee
aaaaaaaaaaaaaaaaaetEveEve
aaaaaaaaaaaaaaaaaeuLynLeeLynEveLeeLynLynLeeLynEveLeeLyn
aaaaaaaaaaaaaaaaaevEveEve
aaaaaaaaaaaaaaaaaewEveLeeLeeEveLeeLee
aaaaaaaaaaaaaaaaaexEveLynLynLynEveLynLynLyn
aaaaaaaaaaaaaaaaaeyLeeLeeEveLeeLeeEve
aaaaaaaaaaaaaaaaaezEveEve
aaaaaaaaaaaaaaaaafaLynLeeEveLynLeeLynLynLeeEveLynLeeLyn
aaaaaaaaaaaaaaaaafbEveEve
aaaaaaaaaaaaaaaaafcEveLeeLeeEveLeeLee
aaaaaaaaaaaaaaaaafdLynLynLynEveLynLynLynEve
aaaaaaaaaaaaaaaaafeLeeEveLeeLeeEveLee
aaaaaaaaaaaaaaaaaffEveEve
aaaaaaaaaaaaaaaaafgLynEveLeeLynLeeLynLynEveLeeLynLeeLyn
aaaaaaaaaaaaaaaaafhEveEve
aaaaaaaaaaaaaaaaafiLeeLeeEveLeeLeeEve
aaaaaaaaaaaaaaaaafjLynLynEveLynLynLynEveLyn
aaaaaaaaaaaaaaaaafkLeeEveLeeLeeEveLee
aaaaaaaaaaaaaaaaaflEveEve
aaaaaaaaaaaaaaaaafmEveLynLeeLynLeeLynEveLynLeeLynLeeLyn
aaaaaaaaaaaaaaaaafnEveEve
aaaaaaaaaaaaaaaaafoLeeEveLeeLeeEveLee
aaaaaaaaaaaaaaaaafpLynEveLynLynLynEveLynLyn
aaaaaaaaaaaaaaaaafqEveLeeLeeEveLeeLee
aaaaaaaaaaaaaaaaafrEveEve
aaaaaaaaaaaaaaaaafsLynLeeLynLeeLynEveLynLeeLynLeeLynEve
aaaaaaaaaaaaaaaaaftEveEve
aaaaaaaaaaaaaaaaafuLeeEveLeeLeeEveLee
aaaaaaaaaaaaaaaaafvLynEveLynLynLynEveLynLyn
aaaaaaaaaaaaaaaaafwEveLeeLeeEveLeeLee
aaaaaaaaaaaaaaaaafxEveEve
aaaaaaaaaaaaaaaaafyLynLeeLynEveLeeLynLeeLynEveLee
aaaaaaaaaaaaaaaaafzEveEve
